<?xml version="1.0" encoding="UTF-8"?>
<testsuite xmlns:xsi="http://www.w3.org/2001/XMLSchema-instance" xsi:noNamespaceSchemaLocation="https://maven.apache.org/surefire/maven-surefire-plugin/xsd/surefire-test-report-3.0.xsd" version="3.0" name="Home page validation" time="229.176" tests="31" errors="0" skipped="0" failures="0">
  <properties>
[...]
</properties>
  <testcase name="Home page &amp; Stack page validation using Get Started button" classname="Home page validation" time="20.284">
    <system-out><![CDATA[
@Home_sucesslogin
Scenario: Home page & Stack page validation using Get Started button &amp#27;[90m# src/test/resources/feat/DSAlgoHomePage.feature:4&amp#27;[0m
browser value is: chrome
  &amp#27;[32mGiven &amp#27;[0m&amp#27;[32mThe user enters home page&amp#27;[0m                                    &amp#27;[90m# sd.DSAlgoHomePage_SD.the_user_enters_home_page()&amp#27;[0m
  &amp#27;[32mWhen &amp#27;[0m&amp#27;[32mThe user selects the Getting Started button in Stack Panel&amp#27;[0m    &amp#27;[90m# sd.DSAlgoHomePage_SD.the_user_selects_the_getting_started_button_in_stack_panel()&amp#27;[0m
  &amp#27;[32mThen &amp#27;[0m&amp#27;[32mThe user will be directed to &amp#27;[0m&amp#27;[32m&amp#27;[1m"Stack"&amp#27;[0m&amp#27;[32m Page&amp#27;[0m                     &amp#27;[90m# sd.DSAlgoHomePage_SD.the_user_will_be_directed_to_page(java.lang.String)&amp#27;[0m
]]></system-out>
    <system-err><![CDATA[[pool-2-thread-3] INFO io.github.bonigarcia.wdm.WebDriverManager - Using chromedriver 130.0.6723.91 (resolved driver for Chrome 130)
[pool-2-thread-3] INFO io.github.bonigarcia.wdm.WebDriverManager - Exporting webdriver.chrome.driver as C:\Users\pavit\.cache\selenium\chromedriver\win64\130.0.6723.91\chromedriver.exe
Oct 30, 2024 10:12:37 AM org.openqa.selenium.devtools.CdpVersionFinder findNearestMatch
WARNING: Unable to find an exact match for CDP version 130, returning the closest version; found: 129; Please update to a Selenium version that supports CDP version 130
]]></system-err>
  </testcase>
  <testcase name="Home page &amp; Stack page validation using dropdown option" classname="Home page validation" time="14.168">
    <system-out><![CDATA[
@Home_sucesslogin
Scenario: Home page & Stack page validation using dropdown option &amp#27;[90m# src/test/resources/feat/DSAlgoHomePage.feature:10&amp#27;[0m
browser value is: chrome
  &amp#27;[32mGiven &amp#27;[0m&amp#27;[32mThe user enters home page&amp#27;[0m                                 &amp#27;[90m# sd.DSAlgoHomePage_SD.the_user_enters_home_page()&amp#27;[0m
  &amp#27;[32mWhen &amp#27;[0m&amp#27;[32mThe user selects Stack option in the dropdown&amp#27;[0m              &amp#27;[90m# sd.DSAlgoHomePage_SD.the_user_selects_stack_option_in_the_dropdown()&amp#27;[0m
  &amp#27;[32mThen &amp#27;[0m&amp#27;[32mThe user will be directed to &amp#27;[0m&amp#27;[32m&amp#27;[1m"Stack"&amp#27;[0m&amp#27;[32m Page&amp#27;[0m                  &amp#27;[90m# sd.DSAlgoHomePage_SD.the_user_will_be_directed_to_page(java.lang.String)&amp#27;[0m
]]></system-out>
    <system-err><![CDATA[[pool-2-thread-3] INFO io.github.bonigarcia.wdm.WebDriverManager - Using chromedriver 130.0.6723.91 (resolved driver for Chrome 130)
[pool-2-thread-3] INFO io.github.bonigarcia.wdm.WebDriverManager - Exporting webdriver.chrome.driver as C:\Users\pavit\.cache\selenium\chromedriver\win64\130.0.6723.91\chromedriver.exe
Oct 30, 2024 10:12:53 AM org.openqa.selenium.devtools.CdpVersionFinder findNearestMatch
WARNING: Unable to find an exact match for CDP version 130, returning the closest version; found: 129; Please update to a Selenium version that supports CDP version 130
]]></system-err>
  </testcase>
  <testcase name="Home page &amp; Data Structure page validation using Get Started button" classname="Home page validation" time="9.793">
    <system-out><![CDATA[
@Home_sucesslogin
Scenario: Home page & Data Structure page validation using Get Started button        &amp#27;[90m# src/test/resources/feat/DSAlgoHomePage.feature:16&amp#27;[0m
browser value is: chrome
  &amp#27;[32mGiven &amp#27;[0m&amp#27;[32mThe user enters home page&amp#27;[0m                                                    &amp#27;[90m# sd.DSAlgoHomePage_SD.the_user_enters_home_page()&amp#27;[0m
  &amp#27;[32mWhen &amp#27;[0m&amp#27;[32mThe user selects Getting Started button in Data Structures-Introduction panel&amp#27;[0m &amp#27;[90m# sd.DSAlgoHomePage_SD.the_user_selects_getting_started_button_in_data_structures_introduction_panel()&amp#27;[0m
  &amp#27;[32mThen &amp#27;[0m&amp#27;[32mThe user will be directed to &amp#27;[0m&amp#27;[32m&amp#27;[1m"Data Structures-Introduction"&amp#27;[0m&amp#27;[32m Page&amp#27;[0m              &amp#27;[90m# sd.DSAlgoHomePage_SD.the_user_will_be_directed_to_page(java.lang.String)&amp#27;[0m
]]></system-out>
    <system-err><![CDATA[[pool-2-thread-3] INFO io.github.bonigarcia.wdm.WebDriverManager - Using chromedriver 130.0.6723.91 (resolved driver for Chrome 130)
[pool-2-thread-3] INFO io.github.bonigarcia.wdm.WebDriverManager - Exporting webdriver.chrome.driver as C:\Users\pavit\.cache\selenium\chromedriver\win64\130.0.6723.91\chromedriver.exe
Oct 30, 2024 10:13:07 AM org.openqa.selenium.devtools.CdpVersionFinder findNearestMatch
WARNING: Unable to find an exact match for CDP version 130, returning the closest version; found: 129; Please update to a Selenium version that supports CDP version 130
]]></system-err>
  </testcase>
  <testcase name="Home page &amp; Array page validation using Get Started button" classname="Home page validation" time="10.394">
    <system-out><![CDATA[
@Home_sucesslogin
Scenario: Home page & Array page validation using Get Started button &amp#27;[90m# src/test/resources/feat/DSAlgoHomePage.feature:22&amp#27;[0m
browser value is: chrome
  &amp#27;[32mGiven &amp#27;[0m&amp#27;[32mThe user enters home page&amp#27;[0m                                    &amp#27;[90m# sd.DSAlgoHomePage_SD.the_user_enters_home_page()&amp#27;[0m
  &amp#27;[32mWhen &amp#27;[0m&amp#27;[32mThe user selects the Getting Started button in Array Panel&amp#27;[0m    &amp#27;[90m# sd.DSAlgoHomePage_SD.the_user_selects_the_getting_started_button_in_array_panel()&amp#27;[0m
  &amp#27;[32mThen &amp#27;[0m&amp#27;[32mThe user will be directed to &amp#27;[0m&amp#27;[32m&amp#27;[1m"Array"&amp#27;[0m&amp#27;[32m Page&amp#27;[0m                     &amp#27;[90m# sd.DSAlgoHomePage_SD.the_user_will_be_directed_to_page(java.lang.String)&amp#27;[0m
]]></system-out>
    <system-err><![CDATA[[pool-2-thread-3] INFO io.github.bonigarcia.wdm.WebDriverManager - Using chromedriver 130.0.6723.91 (resolved driver for Chrome 130)
[pool-2-thread-3] INFO io.github.bonigarcia.wdm.WebDriverManager - Exporting webdriver.chrome.driver as C:\Users\pavit\.cache\selenium\chromedriver\win64\130.0.6723.91\chromedriver.exe
Oct 30, 2024 10:13:17 AM org.openqa.selenium.devtools.CdpVersionFinder findNearestMatch
WARNING: Unable to find an exact match for CDP version 130, returning the closest version; found: 129; Please update to a Selenium version that supports CDP version 130
]]></system-err>
  </testcase>
  <testcase name="Home page &amp; Array page validation using dropdown option" classname="Home page validation" time="8.625">
    <system-out><![CDATA[
@Home_sucesslogin
Scenario: Home page & Array page validation using dropdown option &amp#27;[90m# src/test/resources/feat/DSAlgoHomePage.feature:28&amp#27;[0m
browser value is: chrome
  &amp#27;[32mGiven &amp#27;[0m&amp#27;[32mThe user enters home page&amp#27;[0m                                 &amp#27;[90m# sd.DSAlgoHomePage_SD.the_user_enters_home_page()&amp#27;[0m
  &amp#27;[32mWhen &amp#27;[0m&amp#27;[32mThe user selects Array option in the dropdown&amp#27;[0m              &amp#27;[90m# sd.DSAlgoHomePage_SD.the_user_selects_array_option_in_the_dropdown()&amp#27;[0m
  &amp#27;[32mThen &amp#27;[0m&amp#27;[32mThe user will be directed to &amp#27;[0m&amp#27;[32m&amp#27;[1m"Array"&amp#27;[0m&amp#27;[32m Page&amp#27;[0m                  &amp#27;[90m# sd.DSAlgoHomePage_SD.the_user_will_be_directed_to_page(java.lang.String)&amp#27;[0m
]]></system-out>
    <system-err><![CDATA[[pool-2-thread-3] INFO io.github.bonigarcia.wdm.WebDriverManager - Using chromedriver 130.0.6723.91 (resolved driver for Chrome 130)
[pool-2-thread-3] INFO io.github.bonigarcia.wdm.WebDriverManager - Exporting webdriver.chrome.driver as C:\Users\pavit\.cache\selenium\chromedriver\win64\130.0.6723.91\chromedriver.exe
Oct 30, 2024 10:13:26 AM org.openqa.selenium.devtools.CdpVersionFinder findNearestMatch
WARNING: Unable to find an exact match for CDP version 130, returning the closest version; found: 129; Please update to a Selenium version that supports CDP version 130
]]></system-err>
  </testcase>
  <testcase name="Home page &amp; Linked List page validation using Get Started button" classname="Home page validation" time="9.925">
    <system-out><![CDATA[
@Home_sucesslogin
Scenario: Home page & Linked List page validation using Get Started button &amp#27;[90m# src/test/resources/feat/DSAlgoHomePage.feature:34&amp#27;[0m
browser value is: chrome
  &amp#27;[32mGiven &amp#27;[0m&amp#27;[32mThe user enters home page&amp#27;[0m                                          &amp#27;[90m# sd.DSAlgoHomePage_SD.the_user_enters_home_page()&amp#27;[0m
  &amp#27;[32mWhen &amp#27;[0m&amp#27;[32mThe user selects the Getting Started button in Linked List Panel&amp#27;[0m    &amp#27;[90m# sd.DSAlgoHomePage_SD.the_user_selects_the_getting_started_button_in_linked_list_panel()&amp#27;[0m
  &amp#27;[32mThen &amp#27;[0m&amp#27;[32mThe user will be directed to &amp#27;[0m&amp#27;[32m&amp#27;[1m"Linked List"&amp#27;[0m&amp#27;[32m Page&amp#27;[0m                     &amp#27;[90m# sd.DSAlgoHomePage_SD.the_user_will_be_directed_to_page(java.lang.String)&amp#27;[0m
]]></system-out>
    <system-err><![CDATA[[pool-2-thread-3] INFO io.github.bonigarcia.wdm.WebDriverManager - Using chromedriver 130.0.6723.91 (resolved driver for Chrome 130)
[pool-2-thread-3] INFO io.github.bonigarcia.wdm.WebDriverManager - Exporting webdriver.chrome.driver as C:\Users\pavit\.cache\selenium\chromedriver\win64\130.0.6723.91\chromedriver.exe
Oct 30, 2024 10:13:36 AM org.openqa.selenium.devtools.CdpVersionFinder findNearestMatch
WARNING: Unable to find an exact match for CDP version 130, returning the closest version; found: 129; Please update to a Selenium version that supports CDP version 130
]]></system-err>
  </testcase>
  <testcase name="Home page &amp; Linked List page validation using dropdown option" classname="Home page validation" time="9.273">
    <system-out><![CDATA[
@Home_sucesslogin
Scenario: Home page & Linked List page validation using dropdown option &amp#27;[90m# src/test/resources/feat/DSAlgoHomePage.feature:40&amp#27;[0m
browser value is: chrome
  &amp#27;[32mGiven &amp#27;[0m&amp#27;[32mThe user enters home page&amp#27;[0m                                       &amp#27;[90m# sd.DSAlgoHomePage_SD.the_user_enters_home_page()&amp#27;[0m
  &amp#27;[32mWhen &amp#27;[0m&amp#27;[32mThe user selects Linked List option in the dropdown&amp#27;[0m              &amp#27;[90m# sd.DSAlgoHomePage_SD.the_user_selects_linked_list_option_in_the_dropdown()&amp#27;[0m
  &amp#27;[32mThen &amp#27;[0m&amp#27;[32mThe user will be directed to &amp#27;[0m&amp#27;[32m&amp#27;[1m"Linked List"&amp#27;[0m&amp#27;[32m Page&amp#27;[0m                  &amp#27;[90m# sd.DSAlgoHomePage_SD.the_user_will_be_directed_to_page(java.lang.String)&amp#27;[0m
]]></system-out>
    <system-err><![CDATA[[pool-2-thread-3] INFO io.github.bonigarcia.wdm.WebDriverManager - Using chromedriver 130.0.6723.91 (resolved driver for Chrome 130)
[pool-2-thread-3] INFO io.github.bonigarcia.wdm.WebDriverManager - Exporting webdriver.chrome.driver as C:\Users\pavit\.cache\selenium\chromedriver\win64\130.0.6723.91\chromedriver.exe
Oct 30, 2024 10:13:46 AM org.openqa.selenium.devtools.CdpVersionFinder findNearestMatch
WARNING: Unable to find an exact match for CDP version 130, returning the closest version; found: 129; Please update to a Selenium version that supports CDP version 130
]]></system-err>
  </testcase>
  <testcase name="Home page &amp; Graph page validation using Get Started button" classname="Home page validation" time="8.328">
    <system-out><![CDATA[
@Home_sucesslogin
Scenario: Home page & Graph page validation using Get Started button &amp#27;[90m# src/test/resources/feat/DSAlgoHomePage.feature:46&amp#27;[0m
browser value is: chrome
  &amp#27;[32mGiven &amp#27;[0m&amp#27;[32mThe user enters home page&amp#27;[0m                                    &amp#27;[90m# sd.DSAlgoHomePage_SD.the_user_enters_home_page()&amp#27;[0m
  &amp#27;[32mWhen &amp#27;[0m&amp#27;[32mThe user selects the Getting Started button in Graph Panel&amp#27;[0m    &amp#27;[90m# sd.DSAlgoHomePage_SD.the_user_selects_the_getting_started_button_in_graph_panel()&amp#27;[0m
  &amp#27;[32mThen &amp#27;[0m&amp#27;[32mThe user will be directed to &amp#27;[0m&amp#27;[32m&amp#27;[1m"Graph"&amp#27;[0m&amp#27;[32m Page&amp#27;[0m                     &amp#27;[90m# sd.DSAlgoHomePage_SD.the_user_will_be_directed_to_page(java.lang.String)&amp#27;[0m
]]></system-out>
    <system-err><![CDATA[[pool-2-thread-3] INFO io.github.bonigarcia.wdm.WebDriverManager - Using chromedriver 130.0.6723.91 (resolved driver for Chrome 130)
[pool-2-thread-3] INFO io.github.bonigarcia.wdm.WebDriverManager - Exporting webdriver.chrome.driver as C:\Users\pavit\.cache\selenium\chromedriver\win64\130.0.6723.91\chromedriver.exe
Oct 30, 2024 10:13:55 AM org.openqa.selenium.devtools.CdpVersionFinder findNearestMatch
WARNING: Unable to find an exact match for CDP version 130, returning the closest version; found: 129; Please update to a Selenium version that supports CDP version 130
]]></system-err>
  </testcase>
  <testcase name="Home page &amp; Graph page validation using dropdown option" classname="Home page validation" time="8.163">
    <system-out><![CDATA[
@Home_sucesslogin
Scenario: Home page & Graph page validation using dropdown option &amp#27;[90m# src/test/resources/feat/DSAlgoHomePage.feature:52&amp#27;[0m
browser value is: chrome
  &amp#27;[32mGiven &amp#27;[0m&amp#27;[32mThe user enters home page&amp#27;[0m                                 &amp#27;[90m# sd.DSAlgoHomePage_SD.the_user_enters_home_page()&amp#27;[0m
  &amp#27;[32mWhen &amp#27;[0m&amp#27;[32mThe user selects Graph option in the dropdown&amp#27;[0m              &amp#27;[90m# sd.DSAlgoHomePage_SD.the_user_selects_graph_option_in_the_dropdown()&amp#27;[0m
  &amp#27;[32mThen &amp#27;[0m&amp#27;[32mThe user will be directed to &amp#27;[0m&amp#27;[32m&amp#27;[1m"Graph"&amp#27;[0m&amp#27;[32m Page&amp#27;[0m                  &amp#27;[90m# sd.DSAlgoHomePage_SD.the_user_will_be_directed_to_page(java.lang.String)&amp#27;[0m
]]></system-out>
    <system-err><![CDATA[[pool-2-thread-3] INFO io.github.bonigarcia.wdm.WebDriverManager - Using chromedriver 130.0.6723.91 (resolved driver for Chrome 130)
[pool-2-thread-3] INFO io.github.bonigarcia.wdm.WebDriverManager - Exporting webdriver.chrome.driver as C:\Users\pavit\.cache\selenium\chromedriver\win64\130.0.6723.91\chromedriver.exe
Oct 30, 2024 10:14:02 AM org.openqa.selenium.devtools.CdpVersionFinder findNearestMatch
WARNING: Unable to find an exact match for CDP version 130, returning the closest version; found: 129; Please update to a Selenium version that supports CDP version 130
]]></system-err>
  </testcase>
  <testcase name="Home page &amp; Tree page validation using Get Started button" classname="Home page validation" time="11.579">
    <system-out><![CDATA[
@Home_sucesslogin
Scenario: Home page & Tree page validation using Get Started button &amp#27;[90m# src/test/resources/feat/DSAlgoHomePage.feature:58&amp#27;[0m
browser value is: chrome
  &amp#27;[32mGiven &amp#27;[0m&amp#27;[32mThe user enters home page&amp#27;[0m                                   &amp#27;[90m# sd.DSAlgoHomePage_SD.the_user_enters_home_page()&amp#27;[0m
  &amp#27;[32mWhen &amp#27;[0m&amp#27;[32mThe user selects the Getting Started button in Tree Panel&amp#27;[0m    &amp#27;[90m# sd.DSAlgoHomePage_SD.the_user_selects_the_getting_started_button_in_tree_panel()&amp#27;[0m
  &amp#27;[32mThen &amp#27;[0m&amp#27;[32mThe user will be directed to &amp#27;[0m&amp#27;[32m&amp#27;[1m"Tree"&amp#27;[0m&amp#27;[32m Page&amp#27;[0m                     &amp#27;[90m# sd.DSAlgoHomePage_SD.the_user_will_be_directed_to_page(java.lang.String)&amp#27;[0m
]]></system-out>
    <system-err><![CDATA[[pool-2-thread-3] INFO io.github.bonigarcia.wdm.WebDriverManager - Using chromedriver 130.0.6723.91 (resolved driver for Chrome 130)
[pool-2-thread-3] INFO io.github.bonigarcia.wdm.WebDriverManager - Exporting webdriver.chrome.driver as C:\Users\pavit\.cache\selenium\chromedriver\win64\130.0.6723.91\chromedriver.exe
Oct 30, 2024 10:14:12 AM org.openqa.selenium.devtools.CdpVersionFinder findNearestMatch
WARNING: Unable to find an exact match for CDP version 130, returning the closest version; found: 129; Please update to a Selenium version that supports CDP version 130
]]></system-err>
  </testcase>
  <testcase name="Home page &amp; Tree page validation using dropdown option" classname="Home page validation" time="8.187">
    <system-out><![CDATA[
@Home_sucesslogin
Scenario: Home page & Tree page validation using dropdown option &amp#27;[90m# src/test/resources/feat/DSAlgoHomePage.feature:64&amp#27;[0m
browser value is: chrome
  &amp#27;[32mGiven &amp#27;[0m&amp#27;[32mThe user enters home page&amp#27;[0m                                &amp#27;[90m# sd.DSAlgoHomePage_SD.the_user_enters_home_page()&amp#27;[0m
  &amp#27;[32mWhen &amp#27;[0m&amp#27;[32mThe user selects Tree option in the dropdown&amp#27;[0m              &amp#27;[90m# sd.DSAlgoHomePage_SD.the_user_selects_tree_option_in_the_dropdown()&amp#27;[0m
  &amp#27;[32mThen &amp#27;[0m&amp#27;[32mThe user will be directed to &amp#27;[0m&amp#27;[32m&amp#27;[1m"Tree"&amp#27;[0m&amp#27;[32m Page&amp#27;[0m                  &amp#27;[90m# sd.DSAlgoHomePage_SD.the_user_will_be_directed_to_page(java.lang.String)&amp#27;[0m
]]></system-out>
    <system-err><![CDATA[[pool-2-thread-3] INFO io.github.bonigarcia.wdm.WebDriverManager - Using chromedriver 130.0.6723.91 (resolved driver for Chrome 130)
[pool-2-thread-3] INFO io.github.bonigarcia.wdm.WebDriverManager - Exporting webdriver.chrome.driver as C:\Users\pavit\.cache\selenium\chromedriver\win64\130.0.6723.91\chromedriver.exe
Oct 30, 2024 10:14:22 AM org.openqa.selenium.devtools.CdpVersionFinder findNearestMatch
WARNING: Unable to find an exact match for CDP version 130, returning the closest version; found: 129; Please update to a Selenium version that supports CDP version 130
]]></system-err>
  </testcase>
  <testcase name="Home page &amp; Queue page validation using Get Started button" classname="Home page validation" time="7.824">
    <system-out><![CDATA[
@Home_sucesslogin
Scenario: Home page & Queue page validation using Get Started button &amp#27;[90m# src/test/resources/feat/DSAlgoHomePage.feature:70&amp#27;[0m
browser value is: chrome
  &amp#27;[32mGiven &amp#27;[0m&amp#27;[32mThe user enters home page&amp#27;[0m                                    &amp#27;[90m# sd.DSAlgoHomePage_SD.the_user_enters_home_page()&amp#27;[0m
  &amp#27;[32mWhen &amp#27;[0m&amp#27;[32mThe user selects the Getting Started button in Queue Panel&amp#27;[0m    &amp#27;[90m# sd.DSAlgoHomePage_SD.the_user_selects_the_getting_started_button_in_queue_panel()&amp#27;[0m
  &amp#27;[32mThen &amp#27;[0m&amp#27;[32mThe user will be directed to &amp#27;[0m&amp#27;[32m&amp#27;[1m"Queue"&amp#27;[0m&amp#27;[32m Page&amp#27;[0m                     &amp#27;[90m# sd.DSAlgoHomePage_SD.the_user_will_be_directed_to_page(java.lang.String)&amp#27;[0m
]]></system-out>
    <system-err><![CDATA[[pool-2-thread-3] INFO io.github.bonigarcia.wdm.WebDriverManager - Using chromedriver 130.0.6723.91 (resolved driver for Chrome 130)
[pool-2-thread-3] INFO io.github.bonigarcia.wdm.WebDriverManager - Exporting webdriver.chrome.driver as C:\Users\pavit\.cache\selenium\chromedriver\win64\130.0.6723.91\chromedriver.exe
Oct 30, 2024 10:14:30 AM org.openqa.selenium.devtools.CdpVersionFinder findNearestMatch
WARNING: Unable to find an exact match for CDP version 130, returning the closest version; found: 129; Please update to a Selenium version that supports CDP version 130
]]></system-err>
  </testcase>
  <testcase name="Home page &amp; Queue page validation using dropdown option" classname="Home page validation" time="6.914">
    <system-out><![CDATA[
@Home_sucesslogin
Scenario: Home page & Queue page validation using dropdown option &amp#27;[90m# src/test/resources/feat/DSAlgoHomePage.feature:76&amp#27;[0m
browser value is: chrome
  &amp#27;[32mGiven &amp#27;[0m&amp#27;[32mThe user enters home page&amp#27;[0m                                 &amp#27;[90m# sd.DSAlgoHomePage_SD.the_user_enters_home_page()&amp#27;[0m
  &amp#27;[32mWhen &amp#27;[0m&amp#27;[32mThe user selects Queue option in the dropdown&amp#27;[0m              &amp#27;[90m# sd.DSAlgoHomePage_SD.the_user_selects_queue_option_in_the_dropdown()&amp#27;[0m
  &amp#27;[32mThen &amp#27;[0m&amp#27;[32mThe user will be directed to &amp#27;[0m&amp#27;[32m&amp#27;[1m"Queue"&amp#27;[0m&amp#27;[32m Page&amp#27;[0m                  &amp#27;[90m# sd.DSAlgoHomePage_SD.the_user_will_be_directed_to_page(java.lang.String)&amp#27;[0m
]]></system-out>
    <system-err><![CDATA[[pool-2-thread-3] INFO io.github.bonigarcia.wdm.WebDriverManager - Using chromedriver 130.0.6723.91 (resolved driver for Chrome 130)
[pool-2-thread-3] INFO io.github.bonigarcia.wdm.WebDriverManager - Exporting webdriver.chrome.driver as C:\Users\pavit\.cache\selenium\chromedriver\win64\130.0.6723.91\chromedriver.exe
Oct 30, 2024 10:14:38 AM org.openqa.selenium.devtools.CdpVersionFinder findNearestMatch
WARNING: Unable to find an exact match for CDP version 130, returning the closest version; found: 129; Please update to a Selenium version that supports CDP version 130
]]></system-err>
  </testcase>
  <testcase name="Home page &amp; Queue page validation using Get Started button without login" classname="Home page validation" time="5.326">
    <system-out><![CDATA[
@Home_unsucesslogin
Scenario: Home page & Queue page validation using Get Started button without login &amp#27;[90m# src/test/resources/feat/DSAlgoHomePage.feature:82&amp#27;[0m
browser value is: chrome
  &amp#27;[32mGiven &amp#27;[0m&amp#27;[32mThe user enters home page&amp#27;[0m                                                  &amp#27;[90m# sd.DSAlgoHomePage_SD.the_user_enters_home_page()&amp#27;[0m
  &amp#27;[32mWhen &amp#27;[0m&amp#27;[32mThe user selects the Getting Started button in Queue Panel&amp#27;[0m                  &amp#27;[90m# sd.DSAlgoHomePage_SD.the_user_selects_the_getting_started_button_in_queue_panel()&amp#27;[0m
  &amp#27;[32mThen &amp#27;[0m&amp#27;[32mThe user will be get popup to login&amp#27;[0m                                         &amp#27;[90m# sd.DSAlgoHomePage_SD.the_user_will_be_get_popup_to_login()&amp#27;[0m
]]></system-out>
    <system-err><![CDATA[[pool-2-thread-3] INFO io.github.bonigarcia.wdm.WebDriverManager - Using chromedriver 130.0.6723.91 (resolved driver for Chrome 130)
[pool-2-thread-3] INFO io.github.bonigarcia.wdm.WebDriverManager - Exporting webdriver.chrome.driver as C:\Users\pavit\.cache\selenium\chromedriver\win64\130.0.6723.91\chromedriver.exe
Oct 30, 2024 10:14:45 AM org.openqa.selenium.devtools.CdpVersionFinder findNearestMatch
WARNING: Unable to find an exact match for CDP version 130, returning the closest version; found: 129; Please update to a Selenium version that supports CDP version 130
]]></system-err>
  </testcase>
  <testcase name="Home page &amp; Queue page validation using dropdown option without login" classname="Home page validation" time="5.762">
    <system-out><![CDATA[
@Home_unsucesslogin
Scenario: Home page & Queue page validation using dropdown option without login &amp#27;[90m# src/test/resources/feat/DSAlgoHomePage.feature:88&amp#27;[0m
browser value is: chrome
  &amp#27;[32mGiven &amp#27;[0m&amp#27;[32mThe user enters home page&amp#27;[0m                                               &amp#27;[90m# sd.DSAlgoHomePage_SD.the_user_enters_home_page()&amp#27;[0m
  &amp#27;[32mWhen &amp#27;[0m&amp#27;[32mThe user selects Queue option in the dropdown&amp#27;[0m                            &amp#27;[90m# sd.DSAlgoHomePage_SD.the_user_selects_queue_option_in_the_dropdown()&amp#27;[0m
  &amp#27;[32mThen &amp#27;[0m&amp#27;[32mThe user will be get popup to login&amp#27;[0m                                      &amp#27;[90m# sd.DSAlgoHomePage_SD.the_user_will_be_get_popup_to_login()&amp#27;[0m
]]></system-out>
    <system-err><![CDATA[[pool-2-thread-3] INFO io.github.bonigarcia.wdm.WebDriverManager - Using chromedriver 130.0.6723.91 (resolved driver for Chrome 130)
[pool-2-thread-3] INFO io.github.bonigarcia.wdm.WebDriverManager - Exporting webdriver.chrome.driver as C:\Users\pavit\.cache\selenium\chromedriver\win64\130.0.6723.91\chromedriver.exe
Oct 30, 2024 10:14:51 AM org.openqa.selenium.devtools.CdpVersionFinder findNearestMatch
WARNING: Unable to find an exact match for CDP version 130, returning the closest version; found: 129; Please update to a Selenium version that supports CDP version 130
]]></system-err>
  </testcase>
  <testcase name="Home page &amp; Data Structures-Introduction page validation using Get Started button without login" classname="Home page validation" time="4.953">
    <system-out><![CDATA[
@Home_unsucesslogin
Scenario: Home page & Data Structures-Introduction page validation using Get Started button without login &amp#27;[90m# src/test/resources/feat/DSAlgoHomePage.feature:94&amp#27;[0m
browser value is: chrome
  &amp#27;[32mGiven &amp#27;[0m&amp#27;[32mThe user enters home page&amp#27;[0m                                                                         &amp#27;[90m# sd.DSAlgoHomePage_SD.the_user_enters_home_page()&amp#27;[0m
  &amp#27;[32mWhen &amp#27;[0m&amp#27;[32mThe user selects Getting Started button in Data Structures-Introduction panel&amp#27;[0m                      &amp#27;[90m# sd.DSAlgoHomePage_SD.the_user_selects_getting_started_button_in_data_structures_introduction_panel()&amp#27;[0m
  &amp#27;[32mThen &amp#27;[0m&amp#27;[32mThe user will be get popup to login&amp#27;[0m                                                                &amp#27;[90m# sd.DSAlgoHomePage_SD.the_user_will_be_get_popup_to_login()&amp#27;[0m
]]></system-out>
    <system-err><![CDATA[[pool-2-thread-3] INFO io.github.bonigarcia.wdm.WebDriverManager - Using chromedriver 130.0.6723.91 (resolved driver for Chrome 130)
[pool-2-thread-3] INFO io.github.bonigarcia.wdm.WebDriverManager - Exporting webdriver.chrome.driver as C:\Users\pavit\.cache\selenium\chromedriver\win64\130.0.6723.91\chromedriver.exe
Oct 30, 2024 10:14:57 AM org.openqa.selenium.devtools.CdpVersionFinder findNearestMatch
WARNING: Unable to find an exact match for CDP version 130, returning the closest version; found: 129; Please update to a Selenium version that supports CDP version 130
]]></system-err>
  </testcase>
  <testcase name="Home page &amp; Array page validation using Get Started button without login" classname="Home page validation" time="4.893">
    <system-out><![CDATA[
@Home_unsucesslogin
Scenario: Home page & Array page validation using Get Started button without login &amp#27;[90m# src/test/resources/feat/DSAlgoHomePage.feature:100&amp#27;[0m
browser value is: chrome
  &amp#27;[32mGiven &amp#27;[0m&amp#27;[32mThe user enters home page&amp#27;[0m                                                  &amp#27;[90m# sd.DSAlgoHomePage_SD.the_user_enters_home_page()&amp#27;[0m
  &amp#27;[32mWhen &amp#27;[0m&amp#27;[32mThe user selects the Getting Started button in Array Panel&amp#27;[0m                  &amp#27;[90m# sd.DSAlgoHomePage_SD.the_user_selects_the_getting_started_button_in_array_panel()&amp#27;[0m
  &amp#27;[32mThen &amp#27;[0m&amp#27;[32mThe user will be get popup to login&amp#27;[0m                                         &amp#27;[90m# sd.DSAlgoHomePage_SD.the_user_will_be_get_popup_to_login()&amp#27;[0m
]]></system-out>
    <system-err><![CDATA[[pool-2-thread-3] INFO io.github.bonigarcia.wdm.WebDriverManager - Using chromedriver 130.0.6723.91 (resolved driver for Chrome 130)
[pool-2-thread-3] INFO io.github.bonigarcia.wdm.WebDriverManager - Exporting webdriver.chrome.driver as C:\Users\pavit\.cache\selenium\chromedriver\win64\130.0.6723.91\chromedriver.exe
Oct 30, 2024 10:15:01 AM org.openqa.selenium.devtools.CdpVersionFinder findNearestMatch
WARNING: Unable to find an exact match for CDP version 130, returning the closest version; found: 129; Please update to a Selenium version that supports CDP version 130
]]></system-err>
  </testcase>
  <testcase name="Home page &amp; Array page validation using dropdown option without login" classname="Home page validation" time="5.202">
    <system-out><![CDATA[
@Home_unsucesslogin
Scenario: Home page & Array page validation using dropdown option without login &amp#27;[90m# src/test/resources/feat/DSAlgoHomePage.feature:106&amp#27;[0m
browser value is: chrome
  &amp#27;[32mGiven &amp#27;[0m&amp#27;[32mThe user enters home page&amp#27;[0m                                               &amp#27;[90m# sd.DSAlgoHomePage_SD.the_user_enters_home_page()&amp#27;[0m
  &amp#27;[32mWhen &amp#27;[0m&amp#27;[32mThe user selects Array option in the dropdown&amp#27;[0m                            &amp#27;[90m# sd.DSAlgoHomePage_SD.the_user_selects_array_option_in_the_dropdown()&amp#27;[0m
  &amp#27;[32mThen &amp#27;[0m&amp#27;[32mThe user will be get popup to login&amp#27;[0m                                      &amp#27;[90m# sd.DSAlgoHomePage_SD.the_user_will_be_get_popup_to_login()&amp#27;[0m
]]></system-out>
    <system-err><![CDATA[[pool-2-thread-3] INFO io.github.bonigarcia.wdm.WebDriverManager - Using chromedriver 130.0.6723.91 (resolved driver for Chrome 130)
[pool-2-thread-3] INFO io.github.bonigarcia.wdm.WebDriverManager - Exporting webdriver.chrome.driver as C:\Users\pavit\.cache\selenium\chromedriver\win64\130.0.6723.91\chromedriver.exe
Oct 30, 2024 10:15:06 AM org.openqa.selenium.devtools.CdpVersionFinder findNearestMatch
WARNING: Unable to find an exact match for CDP version 130, returning the closest version; found: 129; Please update to a Selenium version that supports CDP version 130
]]></system-err>
  </testcase>
  <testcase name="Home page &amp; Linked List page validation using Get Started button without login" classname="Home page validation" time="5.24">
    <system-out><![CDATA[
@Home_unsucesslogin
Scenario: Home page & Linked List page validation using Get Started button without login &amp#27;[90m# src/test/resources/feat/DSAlgoHomePage.feature:112&amp#27;[0m
browser value is: chrome
  &amp#27;[32mGiven &amp#27;[0m&amp#27;[32mThe user enters home page&amp#27;[0m                                                        &amp#27;[90m# sd.DSAlgoHomePage_SD.the_user_enters_home_page()&amp#27;[0m
  &amp#27;[32mWhen &amp#27;[0m&amp#27;[32mThe user selects the Getting Started button in Linked List Panel&amp#27;[0m                  &amp#27;[90m# sd.DSAlgoHomePage_SD.the_user_selects_the_getting_started_button_in_linked_list_panel()&amp#27;[0m
  &amp#27;[32mThen &amp#27;[0m&amp#27;[32mThe user will be get popup to login&amp#27;[0m                                               &amp#27;[90m# sd.DSAlgoHomePage_SD.the_user_will_be_get_popup_to_login()&amp#27;[0m
]]></system-out>
    <system-err><![CDATA[[pool-2-thread-3] INFO io.github.bonigarcia.wdm.WebDriverManager - Using chromedriver 130.0.6723.91 (resolved driver for Chrome 130)
[pool-2-thread-3] INFO io.github.bonigarcia.wdm.WebDriverManager - Exporting webdriver.chrome.driver as C:\Users\pavit\.cache\selenium\chromedriver\win64\130.0.6723.91\chromedriver.exe
Oct 30, 2024 10:15:11 AM org.openqa.selenium.devtools.CdpVersionFinder findNearestMatch
WARNING: Unable to find an exact match for CDP version 130, returning the closest version; found: 129; Please update to a Selenium version that supports CDP version 130
]]></system-err>
  </testcase>
  <testcase name="Home page &amp; Linked List page validation using dropdown option without login" classname="Home page validation" time="5.156">
    <system-out><![CDATA[
@Home_unsucesslogin
Scenario: Home page & Linked List page validation using dropdown option without login &amp#27;[90m# src/test/resources/feat/DSAlgoHomePage.feature:118&amp#27;[0m
browser value is: chrome
  &amp#27;[32mGiven &amp#27;[0m&amp#27;[32mThe user enters home page&amp#27;[0m                                                     &amp#27;[90m# sd.DSAlgoHomePage_SD.the_user_enters_home_page()&amp#27;[0m
  &amp#27;[32mWhen &amp#27;[0m&amp#27;[32mThe user selects Linked List option in the dropdown&amp#27;[0m                            &amp#27;[90m# sd.DSAlgoHomePage_SD.the_user_selects_linked_list_option_in_the_dropdown()&amp#27;[0m
  &amp#27;[32mThen &amp#27;[0m&amp#27;[32mThe user will be get popup to login&amp#27;[0m                                            &amp#27;[90m# sd.DSAlgoHomePage_SD.the_user_will_be_get_popup_to_login()&amp#27;[0m
]]></system-out>
    <system-err><![CDATA[[pool-2-thread-3] INFO io.github.bonigarcia.wdm.WebDriverManager - Using chromedriver 130.0.6723.91 (resolved driver for Chrome 130)
[pool-2-thread-3] INFO io.github.bonigarcia.wdm.WebDriverManager - Exporting webdriver.chrome.driver as C:\Users\pavit\.cache\selenium\chromedriver\win64\130.0.6723.91\chromedriver.exe
Oct 30, 2024 10:15:16 AM org.openqa.selenium.devtools.CdpVersionFinder findNearestMatch
WARNING: Unable to find an exact match for CDP version 130, returning the closest version; found: 129; Please update to a Selenium version that supports CDP version 130
]]></system-err>
  </testcase>
  <testcase name="Home page &amp; Tree page validation using Get Started button without login" classname="Home page validation" time="5.087">
    <system-out><![CDATA[
@Home_unsucesslogin
Scenario: Home page & Tree page validation using Get Started button without login &amp#27;[90m# src/test/resources/feat/DSAlgoHomePage.feature:124&amp#27;[0m
browser value is: chrome
  &amp#27;[32mGiven &amp#27;[0m&amp#27;[32mThe user enters home page&amp#27;[0m                                                 &amp#27;[90m# sd.DSAlgoHomePage_SD.the_user_enters_home_page()&amp#27;[0m
  &amp#27;[32mWhen &amp#27;[0m&amp#27;[32mThe user selects the Getting Started button in Tree Panel&amp#27;[0m                  &amp#27;[90m# sd.DSAlgoHomePage_SD.the_user_selects_the_getting_started_button_in_tree_panel()&amp#27;[0m
  &amp#27;[32mThen &amp#27;[0m&amp#27;[32mThe user will be get popup to login&amp#27;[0m                                        &amp#27;[90m# sd.DSAlgoHomePage_SD.the_user_will_be_get_popup_to_login()&amp#27;[0m
]]></system-out>
    <system-err><![CDATA[[pool-2-thread-3] INFO io.github.bonigarcia.wdm.WebDriverManager - Using chromedriver 130.0.6723.91 (resolved driver for Chrome 130)
[pool-2-thread-3] INFO io.github.bonigarcia.wdm.WebDriverManager - Exporting webdriver.chrome.driver as C:\Users\pavit\.cache\selenium\chromedriver\win64\130.0.6723.91\chromedriver.exe
Oct 30, 2024 10:15:22 AM org.openqa.selenium.devtools.CdpVersionFinder findNearestMatch
WARNING: Unable to find an exact match for CDP version 130, returning the closest version; found: 129; Please update to a Selenium version that supports CDP version 130
]]></system-err>
  </testcase>
  <testcase name="Home page &amp; Tree page validation using dropdown option without login" classname="Home page validation" time="5.401">
    <system-out><![CDATA[
@Home_unsucesslogin
Scenario: Home page & Tree page validation using dropdown option without login &amp#27;[90m# src/test/resources/feat/DSAlgoHomePage.feature:130&amp#27;[0m
browser value is: chrome
  &amp#27;[32mGiven &amp#27;[0m&amp#27;[32mThe user enters home page&amp#27;[0m                                              &amp#27;[90m# sd.DSAlgoHomePage_SD.the_user_enters_home_page()&amp#27;[0m
  &amp#27;[32mWhen &amp#27;[0m&amp#27;[32mThe user selects Tree option in the dropdown&amp#27;[0m                            &amp#27;[90m# sd.DSAlgoHomePage_SD.the_user_selects_tree_option_in_the_dropdown()&amp#27;[0m
  &amp#27;[32mThen &amp#27;[0m&amp#27;[32mThe user will be get popup to login&amp#27;[0m                                     &amp#27;[90m# sd.DSAlgoHomePage_SD.the_user_will_be_get_popup_to_login()&amp#27;[0m
]]></system-out>
    <system-err><![CDATA[[pool-2-thread-3] INFO io.github.bonigarcia.wdm.WebDriverManager - Using chromedriver 130.0.6723.91 (resolved driver for Chrome 130)
[pool-2-thread-3] INFO io.github.bonigarcia.wdm.WebDriverManager - Exporting webdriver.chrome.driver as C:\Users\pavit\.cache\selenium\chromedriver\win64\130.0.6723.91\chromedriver.exe
Oct 30, 2024 10:15:26 AM org.openqa.selenium.devtools.CdpVersionFinder findNearestMatch
WARNING: Unable to find an exact match for CDP version 130, returning the closest version; found: 129; Please update to a Selenium version that supports CDP version 130
]]></system-err>
  </testcase>
  <testcase name="Home page &amp; Stack page validation using Get Started button without login" classname="Home page validation" time="5.144">
    <system-out><![CDATA[
@Home_unsucesslogin
Scenario: Home page & Stack page validation using Get Started button without login &amp#27;[90m# src/test/resources/feat/DSAlgoHomePage.feature:136&amp#27;[0m
browser value is: chrome
  &amp#27;[32mGiven &amp#27;[0m&amp#27;[32mThe user enters home page&amp#27;[0m                                                  &amp#27;[90m# sd.DSAlgoHomePage_SD.the_user_enters_home_page()&amp#27;[0m
  &amp#27;[32mWhen &amp#27;[0m&amp#27;[32mThe user selects the Getting Started button in Stack Panel&amp#27;[0m                  &amp#27;[90m# sd.DSAlgoHomePage_SD.the_user_selects_the_getting_started_button_in_stack_panel()&amp#27;[0m
  &amp#27;[32mThen &amp#27;[0m&amp#27;[32mThe user will be get popup to login&amp#27;[0m                                         &amp#27;[90m# sd.DSAlgoHomePage_SD.the_user_will_be_get_popup_to_login()&amp#27;[0m
]]></system-out>
    <system-err><![CDATA[[pool-2-thread-3] INFO io.github.bonigarcia.wdm.WebDriverManager - Using chromedriver 130.0.6723.91 (resolved driver for Chrome 130)
[pool-2-thread-3] INFO io.github.bonigarcia.wdm.WebDriverManager - Exporting webdriver.chrome.driver as C:\Users\pavit\.cache\selenium\chromedriver\win64\130.0.6723.91\chromedriver.exe
Oct 30, 2024 10:15:32 AM org.openqa.selenium.devtools.CdpVersionFinder findNearestMatch
WARNING: Unable to find an exact match for CDP version 130, returning the closest version; found: 129; Please update to a Selenium version that supports CDP version 130
]]></system-err>
  </testcase>
  <testcase name="Home page &amp; Stack page validation using dropdown option without login" classname="Home page validation" time="5.008">
    <system-out><![CDATA[
@Home_unsucesslogin
Scenario: Home page & Stack page validation using dropdown option without login &amp#27;[90m# src/test/resources/feat/DSAlgoHomePage.feature:142&amp#27;[0m
browser value is: chrome
  &amp#27;[32mGiven &amp#27;[0m&amp#27;[32mThe user enters home page&amp#27;[0m                                               &amp#27;[90m# sd.DSAlgoHomePage_SD.the_user_enters_home_page()&amp#27;[0m
  &amp#27;[32mWhen &amp#27;[0m&amp#27;[32mThe user selects Stack option in the dropdown&amp#27;[0m                            &amp#27;[90m# sd.DSAlgoHomePage_SD.the_user_selects_stack_option_in_the_dropdown()&amp#27;[0m
  &amp#27;[32mThen &amp#27;[0m&amp#27;[32mThe user will be get popup to login&amp#27;[0m                                      &amp#27;[90m# sd.DSAlgoHomePage_SD.the_user_will_be_get_popup_to_login()&amp#27;[0m
]]></system-out>
    <system-err><![CDATA[[pool-2-thread-3] INFO io.github.bonigarcia.wdm.WebDriverManager - Using chromedriver 130.0.6723.91 (resolved driver for Chrome 130)
[pool-2-thread-3] INFO io.github.bonigarcia.wdm.WebDriverManager - Exporting webdriver.chrome.driver as C:\Users\pavit\.cache\selenium\chromedriver\win64\130.0.6723.91\chromedriver.exe
Oct 30, 2024 10:15:37 AM org.openqa.selenium.devtools.CdpVersionFinder findNearestMatch
WARNING: Unable to find an exact match for CDP version 130, returning the closest version; found: 129; Please update to a Selenium version that supports CDP version 130
]]></system-err>
  </testcase>
  <testcase name="Home page &amp; Graph page validation using Get Started button without login" classname="Home page validation" time="4.988">
    <system-out><![CDATA[
@Home_unsucesslogin
Scenario: Home page & Graph page validation using Get Started button without login &amp#27;[90m# src/test/resources/feat/DSAlgoHomePage.feature:148&amp#27;[0m
browser value is: chrome
  &amp#27;[32mGiven &amp#27;[0m&amp#27;[32mThe user enters home page&amp#27;[0m                                                  &amp#27;[90m# sd.DSAlgoHomePage_SD.the_user_enters_home_page()&amp#27;[0m
  &amp#27;[32mWhen &amp#27;[0m&amp#27;[32mThe user selects the Getting Started button in Graph Panel&amp#27;[0m                  &amp#27;[90m# sd.DSAlgoHomePage_SD.the_user_selects_the_getting_started_button_in_graph_panel()&amp#27;[0m
  &amp#27;[32mThen &amp#27;[0m&amp#27;[32mThe user will be get popup to login&amp#27;[0m                                         &amp#27;[90m# sd.DSAlgoHomePage_SD.the_user_will_be_get_popup_to_login()&amp#27;[0m
]]></system-out>
    <system-err><![CDATA[[pool-2-thread-3] INFO io.github.bonigarcia.wdm.WebDriverManager - Using chromedriver 130.0.6723.91 (resolved driver for Chrome 130)
[pool-2-thread-3] INFO io.github.bonigarcia.wdm.WebDriverManager - Exporting webdriver.chrome.driver as C:\Users\pavit\.cache\selenium\chromedriver\win64\130.0.6723.91\chromedriver.exe
Oct 30, 2024 10:15:42 AM org.openqa.selenium.devtools.CdpVersionFinder findNearestMatch
WARNING: Unable to find an exact match for CDP version 130, returning the closest version; found: 129; Please update to a Selenium version that supports CDP version 130
]]></system-err>
  </testcase>
  <testcase name="Home page &amp; Graph validation using dropdown option without login" classname="Home page validation" time="4.53">
    <system-out><![CDATA[
@Home_unsucesslogin
Scenario: Home page & Graph validation using dropdown option without login &amp#27;[90m# src/test/resources/feat/DSAlgoHomePage.feature:154&amp#27;[0m
browser value is: chrome
  &amp#27;[32mGiven &amp#27;[0m&amp#27;[32mThe user enters home page&amp#27;[0m                                          &amp#27;[90m# sd.DSAlgoHomePage_SD.the_user_enters_home_page()&amp#27;[0m
  &amp#27;[32mWhen &amp#27;[0m&amp#27;[32mThe user selects Graph option in the dropdown&amp#27;[0m                       &amp#27;[90m# sd.DSAlgoHomePage_SD.the_user_selects_graph_option_in_the_dropdown()&amp#27;[0m
  &amp#27;[32mThen &amp#27;[0m&amp#27;[32mThe user will be get popup to login&amp#27;[0m                                 &amp#27;[90m# sd.DSAlgoHomePage_SD.the_user_will_be_get_popup_to_login()&amp#27;[0m
]]></system-out>
    <system-err><![CDATA[[pool-2-thread-3] INFO io.github.bonigarcia.wdm.WebDriverManager - Using chromedriver 130.0.6723.91 (resolved driver for Chrome 130)
[pool-2-thread-3] INFO io.github.bonigarcia.wdm.WebDriverManager - Exporting webdriver.chrome.driver as C:\Users\pavit\.cache\selenium\chromedriver\win64\130.0.6723.91\chromedriver.exe
Oct 30, 2024 10:15:47 AM org.openqa.selenium.devtools.CdpVersionFinder findNearestMatch
WARNING: Unable to find an exact match for CDP version 130, returning the closest version; found: 129; Please update to a Selenium version that supports CDP version 130
]]></system-err>
  </testcase>
  <testcase name="Home page Data structure drop down validation with login" classname="Home page validation" time="7.945">
    <system-out><![CDATA[
@Home_sucesslogin
Scenario: Home page Data structure drop down validation with login &amp#27;[90m# src/test/resources/feat/DSAlgoHomePage.feature:160&amp#27;[0m
browser value is: chrome
  &amp#27;[32mGiven &amp#27;[0m&amp#27;[32mThe user enters home page&amp#27;[0m                                  &amp#27;[90m# sd.DSAlgoHomePage_SD.the_user_enters_home_page()&amp#27;[0m
  &amp#27;[32mWhen &amp#27;[0m&amp#27;[32mThe user clicks Data structure drop down at top&amp#27;[0m             &amp#27;[90m# sd.DSAlgoHomePage_SD.the_user_clicks_data_structure_drop_down_at_top()&amp#27;[0m
  &amp#27;[32mThen &amp#27;[0m&amp#27;[32mThe user will get six options&amp#27;[0m                               &amp#27;[90m# sd.DSAlgoHomePage_SD.the_user_will_get_six_options()&amp#27;[0m
]]></system-out>
    <system-err><![CDATA[[pool-2-thread-3] INFO io.github.bonigarcia.wdm.WebDriverManager - Using chromedriver 130.0.6723.91 (resolved driver for Chrome 130)
[pool-2-thread-3] INFO io.github.bonigarcia.wdm.WebDriverManager - Exporting webdriver.chrome.driver as C:\Users\pavit\.cache\selenium\chromedriver\win64\130.0.6723.91\chromedriver.exe
Oct 30, 2024 10:15:52 AM org.openqa.selenium.devtools.CdpVersionFinder findNearestMatch
WARNING: Unable to find an exact match for CDP version 130, returning the closest version; found: 129; Please update to a Selenium version that supports CDP version 130
]]></system-err>
  </testcase>
  <testcase name="Home page Data structure drop down validation without login" classname="Home page validation" time="5.074">
    <system-out><![CDATA[
@Home_unsucesslogin
Scenario: Home page Data structure drop down validation without login &amp#27;[90m# src/test/resources/feat/DSAlgoHomePage.feature:166&amp#27;[0m
browser value is: chrome
  &amp#27;[32mGiven &amp#27;[0m&amp#27;[32mThe user enters home page&amp#27;[0m                                     &amp#27;[90m# sd.DSAlgoHomePage_SD.the_user_enters_home_page()&amp#27;[0m
  &amp#27;[32mWhen &amp#27;[0m&amp#27;[32mThe user clicks Data structure drop down at top&amp#27;[0m                &amp#27;[90m# sd.DSAlgoHomePage_SD.the_user_clicks_data_structure_drop_down_at_top()&amp#27;[0m
  &amp#27;[32mThen &amp#27;[0m&amp#27;[32mThe user will get six options&amp#27;[0m                                  &amp#27;[90m# sd.DSAlgoHomePage_SD.the_user_will_get_six_options()&amp#27;[0m
]]></system-out>
    <system-err><![CDATA[[pool-2-thread-3] INFO io.github.bonigarcia.wdm.WebDriverManager - Using chromedriver 130.0.6723.91 (resolved driver for Chrome 130)
[pool-2-thread-3] INFO io.github.bonigarcia.wdm.WebDriverManager - Exporting webdriver.chrome.driver as C:\Users\pavit\.cache\selenium\chromedriver\win64\130.0.6723.91\chromedriver.exe
Oct 30, 2024 10:15:59 AM org.openqa.selenium.devtools.CdpVersionFinder findNearestMatch
WARNING: Unable to find an exact match for CDP version 130, returning the closest version; found: 129; Please update to a Selenium version that supports CDP version 130
]]></system-err>
  </testcase>
  <testcase name="Home page Sign in link validation" classname="Home page validation" time="6.568">
    <system-out><![CDATA[
@Home_unsucesslogin
Scenario: Home page Sign in link validation    &amp#27;[90m# src/test/resources/feat/DSAlgoHomePage.feature:172&amp#27;[0m
browser value is: chrome
  &amp#27;[32mGiven &amp#27;[0m&amp#27;[32mThe user enters home page&amp#27;[0m              &amp#27;[90m# sd.DSAlgoHomePage_SD.the_user_enters_home_page()&amp#27;[0m
  &amp#27;[32mWhen &amp#27;[0m&amp#27;[32mThe user clicks Sign in link&amp#27;[0m            &amp#27;[90m# sd.DSAlgoHomePage_SD.the_user_clicks_sign_in_link()&amp#27;[0m
  &amp#27;[32mThen &amp#27;[0m&amp#27;[32mThe user will be directed to login page&amp#27;[0m &amp#27;[90m# sd.DSAlgoHomePage_SD.the_user_will_be_directed_to_login_page()&amp#27;[0m
]]></system-out>
    <system-err><![CDATA[[pool-2-thread-3] INFO io.github.bonigarcia.wdm.WebDriverManager - Using chromedriver 130.0.6723.91 (resolved driver for Chrome 130)
[pool-2-thread-3] INFO io.github.bonigarcia.wdm.WebDriverManager - Exporting webdriver.chrome.driver as C:\Users\pavit\.cache\selenium\chromedriver\win64\130.0.6723.91\chromedriver.exe
Oct 30, 2024 10:16:06 AM org.openqa.selenium.devtools.CdpVersionFinder findNearestMatch
WARNING: Unable to find an exact match for CDP version 130, returning the closest version; found: 129; Please update to a Selenium version that supports CDP version 130
]]></system-err>
  </testcase>
  <testcase name="Home page Register link validation" classname="Home page validation" time="4.357">
    <system-out><![CDATA[
@Home_unsucesslogin
Scenario: Home page Register link validation      &amp#27;[90m# src/test/resources/feat/DSAlgoHomePage.feature:178&amp#27;[0m
browser value is: chrome
  &amp#27;[32mGiven &amp#27;[0m&amp#27;[32mThe user enters home page&amp#27;[0m                 &amp#27;[90m# sd.DSAlgoHomePage_SD.the_user_enters_home_page()&amp#27;[0m
  &amp#27;[32mWhen &amp#27;[0m&amp#27;[32mThe user clicks Register in link&amp#27;[0m           &amp#27;[90m# sd.DSAlgoHomePage_SD.the_user_clicks_register_in_link()&amp#27;[0m
  &amp#27;[32mThen &amp#27;[0m&amp#27;[32mThe user will be directed to register page&amp#27;[0m &amp#27;[90m# sd.DSAlgoHomePage_SD.the_user_will_be_directed_to_register_page()&amp#27;[0m
]]></system-out>
    <system-err><![CDATA[[pool-2-thread-3] INFO io.github.bonigarcia.wdm.WebDriverManager - Using chromedriver 130.0.6723.91 (resolved driver for Chrome 130)
[pool-2-thread-3] INFO io.github.bonigarcia.wdm.WebDriverManager - Exporting webdriver.chrome.driver as C:\Users\pavit\.cache\selenium\chromedriver\win64\130.0.6723.91\chromedriver.exe
Oct 30, 2024 10:16:11 AM org.openqa.selenium.devtools.CdpVersionFinder findNearestMatch
WARNING: Unable to find an exact match for CDP version 130, returning the closest version; found: 129; Please update to a Selenium version that supports CDP version 130
]]></system-err>
  </testcase>
  <testcase name="Home page Sign out link validation" classname="Home page validation" time="5.085">
    <system-out><![CDATA[
@Home_sucesslogin
Scenario: Home page Sign out link validation &amp#27;[90m# src/test/resources/feat/DSAlgoHomePage.feature:184&amp#27;[0m
browser value is: chrome
  &amp#27;[32mGiven &amp#27;[0m&amp#27;[32mThe user enters home page&amp#27;[0m            &amp#27;[90m# sd.DSAlgoHomePage_SD.the_user_enters_home_page()&amp#27;[0m
  &amp#27;[32mWhen &amp#27;[0m&amp#27;[32mThe user clicks Sign out link&amp#27;[0m         &amp#27;[90m# sd.DSAlgoHomePage_SD.the_user_clicks_sign_out_link()&amp#27;[0m
  &amp#27;[32mThen &amp#27;[0m&amp#27;[32mThe user will be get popup logged out&amp#27;[0m &amp#27;[90m# sd.DSAlgoHomePage_SD.the_user_will_be_get_popup_logged_out()&amp#27;[0m
]]></system-out>
    <system-err><![CDATA[[pool-2-thread-3] INFO io.github.bonigarcia.wdm.WebDriverManager - Using chromedriver 130.0.6723.91 (resolved driver for Chrome 130)
[pool-2-thread-3] INFO io.github.bonigarcia.wdm.WebDriverManager - Exporting webdriver.chrome.driver as C:\Users\pavit\.cache\selenium\chromedriver\win64\130.0.6723.91\chromedriver.exe
Oct 30, 2024 10:16:15 AM org.openqa.selenium.devtools.CdpVersionFinder findNearestMatch
WARNING: Unable to find an exact match for CDP version 130, returning the closest version; found: 129; Please update to a Selenium version that supports CDP version 130
]]></system-err>
  </testcase>
</testsuite>