<?xml version="1.0" encoding="UTF-8"?>
<testsuite xmlns:xsi="http://www.w3.org/2001/XMLSchema-instance" xsi:noNamespaceSchemaLocation="https://maven.apache.org/surefire/maven-surefire-plugin/xsd/surefire-test-report-3.0.xsd" version="3.0" name="Stack page validation" time="171.391" tests="18" errors="0" skipped="0" failures="0">
  <properties>
[...]
</properties>
  <testcase name="Stack page validation using Get Started button" classname="Stack page validation" time="18.024">
    <system-out><![CDATA[
@test
Scenario: Stack page validation using Get Started button         &amp#27;[90m# src/test/resources/feat/DSAlgoStack.feature:4&amp#27;[0m
browser value is: chrome
  &amp#27;[32mGiven &amp#27;[0m&amp#27;[32mThe user is in home page with successful login&amp#27;[0m           &amp#27;[90m# sd.DSAlgoStack_SD.the_user_is_in_home_page_with_sucessful_login()&amp#27;[0m
  &amp#27;[32mWhen &amp#27;[0m&amp#27;[32mThe user clicks the Getting Started button in Stack Panel&amp#27;[0m &amp#27;[90m# sd.DSAlgoStack_SD.the_user_clicks_the_getting_started_button_in_stack_panel()&amp#27;[0m
  &amp#27;[32mThen &amp#27;[0m&amp#27;[32mThe user should be directed to &amp#27;[0m&amp#27;[32m&amp#27;[1m"Stack"&amp#27;[0m&amp#27;[32m Page&amp#27;[0m               &amp#27;[90m# sd.DSAlgoStack_SD.the_user_should_be_directed_to_page(java.lang.String)&amp#27;[0m
]]></system-out>
    <system-err><![CDATA[[pool-2-thread-5] INFO io.github.bonigarcia.wdm.WebDriverManager - Using chromedriver 130.0.6723.69 (resolved driver for Chrome 130)
[pool-2-thread-5] INFO io.github.bonigarcia.wdm.WebDriverManager - Exporting webdriver.chrome.driver as C:\Users\pavit\.cache\selenium\chromedriver\win64\130.0.6723.69\chromedriver.exe
Oct 29, 2024 6:04:10 PM org.openqa.selenium.devtools.CdpVersionFinder findNearestMatch
WARNING: Unable to find an exact match for CDP version 130, returning the closest version; found: 129; Please update to a Selenium version that supports CDP version 130
]]></system-err>
  </testcase>
  <testcase name="Stack page validation using stack dropdown option" classname="Stack page validation" time="10.173">
    <system-out><![CDATA[
@test
Scenario: Stack page validation using stack dropdown option &amp#27;[90m# src/test/resources/feat/DSAlgoStack.feature:9&amp#27;[0m
browser value is: chrome
  &amp#27;[32mGiven &amp#27;[0m&amp#27;[32mThe user is in home page with successful login&amp#27;[0m      &amp#27;[90m# sd.DSAlgoStack_SD.the_user_is_in_home_page_with_sucessful_login()&amp#27;[0m
  &amp#27;[32mWhen &amp#27;[0m&amp#27;[32mThe user clicks Stack option in the dropdown&amp#27;[0m         &amp#27;[90m# sd.DSAlgoStack_SD.the_user_clicks_stack_option_in_the_dropdown()&amp#27;[0m
  &amp#27;[32mThen &amp#27;[0m&amp#27;[32mThe user should be directed to &amp#27;[0m&amp#27;[32m&amp#27;[1m"Stack"&amp#27;[0m&amp#27;[32m Page&amp#27;[0m          &amp#27;[90m# sd.DSAlgoStack_SD.the_user_should_be_directed_to_page(java.lang.String)&amp#27;[0m
]]></system-out>
    <system-err><![CDATA[[pool-2-thread-5] INFO io.github.bonigarcia.wdm.WebDriverManager - Using chromedriver 130.0.6723.69 (resolved driver for Chrome 130)
[pool-2-thread-5] INFO io.github.bonigarcia.wdm.WebDriverManager - Exporting webdriver.chrome.driver as C:\Users\pavit\.cache\selenium\chromedriver\win64\130.0.6723.69\chromedriver.exe
Oct 29, 2024 6:04:23 PM org.openqa.selenium.devtools.CdpVersionFinder findNearestMatch
WARNING: Unable to find an exact match for CDP version 130, returning the closest version; found: 129; Please update to a Selenium version that supports CDP version 130
]]></system-err>
  </testcase>
  <testcase name="Operations in stack link validation" classname="Stack page validation" time="8.023">
    <system-out><![CDATA[
@test
Scenario: Operations in stack link validation                                        &amp#27;[90m# src/test/resources/feat/DSAlgoStack.feature:14&amp#27;[0m
browser value is: chrome
  &amp#27;[32mGiven &amp#27;[0m&amp#27;[32mThe user clicks Stack option in the dropdown&amp#27;[0m                                 &amp#27;[90m# sd.DSAlgoStack_SD.the_user_clicks_stack_option_in_the_dropdown()&amp#27;[0m
  &amp#27;[32mWhen &amp#27;[0m&amp#27;[32mThe user clicks Operations in stack link&amp#27;[0m                                      &amp#27;[90m# sd.DSAlgoStack_SD.the_user_clicks_operations_in_stack_link()&amp#27;[0m
  &amp#27;[32mThen &amp#27;[0m&amp#27;[32mThe user should be directed to operations in stack page &amp#27;[0m&amp#27;[32m&amp#27;[1m"Operations in Stack"&amp#27;[0m &amp#27;[90m# sd.DSAlgoStack_SD.the_user_should_be_directed_to_operations_in_stack_page(java.lang.String)&amp#27;[0m
]]></system-out>
    <system-err><![CDATA[[pool-2-thread-5] INFO io.github.bonigarcia.wdm.WebDriverManager - Using chromedriver 130.0.6723.69 (resolved driver for Chrome 130)
[pool-2-thread-5] INFO io.github.bonigarcia.wdm.WebDriverManager - Exporting webdriver.chrome.driver as C:\Users\pavit\.cache\selenium\chromedriver\win64\130.0.6723.69\chromedriver.exe
Oct 29, 2024 6:04:34 PM org.openqa.selenium.devtools.CdpVersionFinder findNearestMatch
WARNING: Unable to find an exact match for CDP version 130, returning the closest version; found: 129; Please update to a Selenium version that supports CDP version 130
]]></system-err>
  </testcase>
  <testcase name="Operations in stack Try here button validation" classname="Stack page validation" time="11.494">
    <system-out><![CDATA[
@test
Scenario: Operations in stack Try here button validation &amp#27;[90m# src/test/resources/feat/DSAlgoStack.feature:19&amp#27;[0m
browser value is: chrome
  &amp#27;[32mGiven &amp#27;[0m&amp#27;[32mThe user clicks Stack option in the dropdown&amp#27;[0m     &amp#27;[90m# sd.DSAlgoStack_SD.the_user_clicks_stack_option_in_the_dropdown()&amp#27;[0m
  &amp#27;[32mAnd &amp#27;[0m&amp#27;[32mThe user clicks Operations in stack link&amp#27;[0m           &amp#27;[90m# sd.DSAlgoStack_SD.the_user_clicks_operations_in_stack_link()&amp#27;[0m
  &amp#27;[32mWhen &amp#27;[0m&amp#27;[32mThe user clicks on Try here button&amp#27;[0m                &amp#27;[90m# sd.DSAlgoStack_SD.the_user_clicks_on_try_here_button()&amp#27;[0m
  &amp#27;[32mThen &amp#27;[0m&amp#27;[32mThe user redirect to tryEditor page&amp#27;[0m               &amp#27;[90m# sd.DSAlgoStack_SD.the_user_redirect_to_try_editor_page()&amp#27;[0m
]]></system-out>
    <system-err><![CDATA[[pool-2-thread-5] INFO io.github.bonigarcia.wdm.WebDriverManager - Using chromedriver 130.0.6723.69 (resolved driver for Chrome 130)
[pool-2-thread-5] INFO io.github.bonigarcia.wdm.WebDriverManager - Exporting webdriver.chrome.driver as C:\Users\pavit\.cache\selenium\chromedriver\win64\130.0.6723.69\chromedriver.exe
Oct 29, 2024 6:04:41 PM org.openqa.selenium.devtools.CdpVersionFinder findNearestMatch
WARNING: Unable to find an exact match for CDP version 130, returning the closest version; found: 129; Please update to a Selenium version that supports CDP version 130
]]></system-err>
  </testcase>
  <testcase name="Operations in stack Try Editor validation #1" classname="Stack page validation" time="14.003">
    <system-out><![CDATA[
@test
Scenario Outline: Operations in stack Try Editor validation                                  &amp#27;[90m# src/test/resources/feat/DSAlgoStack.feature:34&amp#27;[0m
browser value is: chrome
  &amp#27;[32mGiven &amp#27;[0m&amp#27;[32mThe user clicks Stack option in the dropdown&amp#27;[0m                                         &amp#27;[90m# sd.DSAlgoStack_SD.the_user_clicks_stack_option_in_the_dropdown()&amp#27;[0m
  &amp#27;[32mAnd &amp#27;[0m&amp#27;[32mThe user clicks Operations in stack link&amp#27;[0m                                               &amp#27;[90m# sd.DSAlgoStack_SD.the_user_clicks_operations_in_stack_link()&amp#27;[0m
  &amp#27;[32mAnd &amp#27;[0m&amp#27;[32mThe user clicks on Try here button&amp#27;[0m                                                     &amp#27;[90m# sd.DSAlgoStack_SD.the_user_clicks_on_try_here_button()&amp#27;[0m
  &amp#27;[32mWhen &amp#27;[0m&amp#27;[32mThe user enter valid python code to print in excel sheetname &amp#27;[0m&amp#27;[32m&amp#27;[1m"Python"&amp#27;[0m&amp#27;[32m and rownumber &amp#27;[0m&amp#27;[32m&amp#27;[1m0&amp#27;[0m &amp#27;[90m# sd.DSAlgoStack_SD.the_user_enter_valid_python_code_to_print_in_excel_sheetname_and_rownumber(java.lang.String,java.lang.Integer)&amp#27;[0m
  &amp#27;[32mAnd &amp#27;[0m&amp#27;[32mThe user clicks run button scenario&amp#27;[0m                                                    &amp#27;[90m# sd.DSAlgoStack_SD.the_user_clicks_run_button_scenario()&amp#27;[0m
  &amp#27;[32mThen &amp#27;[0m&amp#27;[32mUser is able to see the output sheetname &amp#27;[0m&amp#27;[32m&amp#27;[1m"Python"&amp#27;[0m&amp#27;[32m and rownumber &amp#27;[0m&amp#27;[32m&amp#27;[1m0&amp#27;[0m                     &amp#27;[90m# sd.DSAlgoStack_SD.user_is_able_to_see_the_output_sheetname_and_rownumber(java.lang.String,java.lang.Integer)&amp#27;[0m
]]></system-out>
    <system-err><![CDATA[[pool-2-thread-5] INFO io.github.bonigarcia.wdm.WebDriverManager - Using chromedriver 130.0.6723.69 (resolved driver for Chrome 130)
[pool-2-thread-5] INFO io.github.bonigarcia.wdm.WebDriverManager - Exporting webdriver.chrome.driver as C:\Users\pavit\.cache\selenium\chromedriver\win64\130.0.6723.69\chromedriver.exe
Oct 29, 2024 6:04:52 PM org.openqa.selenium.devtools.CdpVersionFinder findNearestMatch
WARNING: Unable to find an exact match for CDP version 130, returning the closest version; found: 129; Please update to a Selenium version that supports CDP version 130
]]></system-err>
  </testcase>
  <testcase name="Operations in stack Try Editor validation #2" classname="Stack page validation" time="12.199">
    <system-out><![CDATA[
@test
Scenario Outline: Operations in stack Try Editor validation                                  &amp#27;[90m# src/test/resources/feat/DSAlgoStack.feature:35&amp#27;[0m
browser value is: chrome
  &amp#27;[32mGiven &amp#27;[0m&amp#27;[32mThe user clicks Stack option in the dropdown&amp#27;[0m                                         &amp#27;[90m# sd.DSAlgoStack_SD.the_user_clicks_stack_option_in_the_dropdown()&amp#27;[0m
  &amp#27;[32mAnd &amp#27;[0m&amp#27;[32mThe user clicks Operations in stack link&amp#27;[0m                                               &amp#27;[90m# sd.DSAlgoStack_SD.the_user_clicks_operations_in_stack_link()&amp#27;[0m
  &amp#27;[32mAnd &amp#27;[0m&amp#27;[32mThe user clicks on Try here button&amp#27;[0m                                                     &amp#27;[90m# sd.DSAlgoStack_SD.the_user_clicks_on_try_here_button()&amp#27;[0m
  &amp#27;[32mWhen &amp#27;[0m&amp#27;[32mThe user enter valid python code to print in excel sheetname &amp#27;[0m&amp#27;[32m&amp#27;[1m"Python"&amp#27;[0m&amp#27;[32m and rownumber &amp#27;[0m&amp#27;[32m&amp#27;[1m1&amp#27;[0m &amp#27;[90m# sd.DSAlgoStack_SD.the_user_enter_valid_python_code_to_print_in_excel_sheetname_and_rownumber(java.lang.String,java.lang.Integer)&amp#27;[0m
  &amp#27;[32mAnd &amp#27;[0m&amp#27;[32mThe user clicks run button scenario&amp#27;[0m                                                    &amp#27;[90m# sd.DSAlgoStack_SD.the_user_clicks_run_button_scenario()&amp#27;[0m
  &amp#27;[32mThen &amp#27;[0m&amp#27;[32mUser is able to see the output sheetname &amp#27;[0m&amp#27;[32m&amp#27;[1m"Python"&amp#27;[0m&amp#27;[32m and rownumber &amp#27;[0m&amp#27;[32m&amp#27;[1m1&amp#27;[0m                     &amp#27;[90m# sd.DSAlgoStack_SD.user_is_able_to_see_the_output_sheetname_and_rownumber(java.lang.String,java.lang.Integer)&amp#27;[0m
]]></system-out>
    <system-err><![CDATA[[pool-2-thread-5] INFO io.github.bonigarcia.wdm.WebDriverManager - Using chromedriver 130.0.6723.69 (resolved driver for Chrome 130)
[pool-2-thread-5] INFO io.github.bonigarcia.wdm.WebDriverManager - Exporting webdriver.chrome.driver as C:\Users\pavit\.cache\selenium\chromedriver\win64\130.0.6723.69\chromedriver.exe
Oct 29, 2024 6:05:06 PM org.openqa.selenium.devtools.CdpVersionFinder findNearestMatch
WARNING: Unable to find an exact match for CDP version 130, returning the closest version; found: 129; Please update to a Selenium version that supports CDP version 130
]]></system-err>
  </testcase>
  <testcase name="Operations in stack Try Editor validation #3" classname="Stack page validation" time="10.193">
    <system-out><![CDATA[
@test
Scenario Outline: Operations in stack Try Editor validation                                  &amp#27;[90m# src/test/resources/feat/DSAlgoStack.feature:36&amp#27;[0m
browser value is: chrome
  &amp#27;[32mGiven &amp#27;[0m&amp#27;[32mThe user clicks Stack option in the dropdown&amp#27;[0m                                         &amp#27;[90m# sd.DSAlgoStack_SD.the_user_clicks_stack_option_in_the_dropdown()&amp#27;[0m
  &amp#27;[32mAnd &amp#27;[0m&amp#27;[32mThe user clicks Operations in stack link&amp#27;[0m                                               &amp#27;[90m# sd.DSAlgoStack_SD.the_user_clicks_operations_in_stack_link()&amp#27;[0m
  &amp#27;[32mAnd &amp#27;[0m&amp#27;[32mThe user clicks on Try here button&amp#27;[0m                                                     &amp#27;[90m# sd.DSAlgoStack_SD.the_user_clicks_on_try_here_button()&amp#27;[0m
  &amp#27;[32mWhen &amp#27;[0m&amp#27;[32mThe user enter valid python code to print in excel sheetname &amp#27;[0m&amp#27;[32m&amp#27;[1m"Python"&amp#27;[0m&amp#27;[32m and rownumber &amp#27;[0m&amp#27;[32m&amp#27;[1m2&amp#27;[0m &amp#27;[90m# sd.DSAlgoStack_SD.the_user_enter_valid_python_code_to_print_in_excel_sheetname_and_rownumber(java.lang.String,java.lang.Integer)&amp#27;[0m
  &amp#27;[32mAnd &amp#27;[0m&amp#27;[32mThe user clicks run button scenario&amp#27;[0m                                                    &amp#27;[90m# sd.DSAlgoStack_SD.the_user_clicks_run_button_scenario()&amp#27;[0m
  &amp#27;[32mThen &amp#27;[0m&amp#27;[32mUser is able to see the output sheetname &amp#27;[0m&amp#27;[32m&amp#27;[1m"Python"&amp#27;[0m&amp#27;[32m and rownumber &amp#27;[0m&amp#27;[32m&amp#27;[1m2&amp#27;[0m                     &amp#27;[90m# sd.DSAlgoStack_SD.user_is_able_to_see_the_output_sheetname_and_rownumber(java.lang.String,java.lang.Integer)&amp#27;[0m
]]></system-out>
    <system-err><![CDATA[[pool-2-thread-5] INFO io.github.bonigarcia.wdm.WebDriverManager - Using chromedriver 130.0.6723.69 (resolved driver for Chrome 130)
[pool-2-thread-5] INFO io.github.bonigarcia.wdm.WebDriverManager - Exporting webdriver.chrome.driver as C:\Users\pavit\.cache\selenium\chromedriver\win64\130.0.6723.69\chromedriver.exe
Oct 29, 2024 6:05:19 PM org.openqa.selenium.devtools.CdpVersionFinder findNearestMatch
WARNING: Unable to find an exact match for CDP version 130, returning the closest version; found: 129; Please update to a Selenium version that supports CDP version 130
]]></system-err>
  </testcase>
  <testcase name="Implementation link validation" classname="Stack page validation" time="6.438">
    <system-out><![CDATA[
@test
Scenario: Implementation link validation                                   &amp#27;[90m# src/test/resources/feat/DSAlgoStack.feature:40&amp#27;[0m
browser value is: chrome
  &amp#27;[32mGiven &amp#27;[0m&amp#27;[32mThe user clicks Stack option in the dropdown&amp#27;[0m                       &amp#27;[90m# sd.DSAlgoStack_SD.the_user_clicks_stack_option_in_the_dropdown()&amp#27;[0m
  &amp#27;[32mWhen &amp#27;[0m&amp#27;[32mThe user clicks Implementation link&amp#27;[0m                                 &amp#27;[90m# sd.DSAlgoStack_SD.the_user_clicks_Implementation_link()&amp#27;[0m
  &amp#27;[32mThen &amp#27;[0m&amp#27;[32mThe user should be directed to implementation page &amp#27;[0m&amp#27;[32m&amp#27;[1m"Implementation"&amp#27;[0m &amp#27;[90m# sd.DSAlgoStack_SD.the_user_should_be_directed_to_implementation_page(java.lang.String)&amp#27;[0m
]]></system-out>
    <system-err><![CDATA[[pool-2-thread-5] INFO io.github.bonigarcia.wdm.WebDriverManager - Using chromedriver 130.0.6723.69 (resolved driver for Chrome 130)
[pool-2-thread-5] INFO io.github.bonigarcia.wdm.WebDriverManager - Exporting webdriver.chrome.driver as C:\Users\pavit\.cache\selenium\chromedriver\win64\130.0.6723.69\chromedriver.exe
Oct 29, 2024 6:05:29 PM org.openqa.selenium.devtools.CdpVersionFinder findNearestMatch
WARNING: Unable to find an exact match for CDP version 130, returning the closest version; found: 129; Please update to a Selenium version that supports CDP version 130
]]></system-err>
  </testcase>
  <testcase name="Implementation Try here button validation" classname="Stack page validation" time="7.53">
    <system-out><![CDATA[
@test
Scenario: Implementation Try here button validation  &amp#27;[90m# src/test/resources/feat/DSAlgoStack.feature:45&amp#27;[0m
browser value is: chrome
  &amp#27;[32mGiven &amp#27;[0m&amp#27;[32mThe user clicks Stack option in the dropdown&amp#27;[0m &amp#27;[90m# sd.DSAlgoStack_SD.the_user_clicks_stack_option_in_the_dropdown()&amp#27;[0m
  &amp#27;[32mAnd &amp#27;[0m&amp#27;[32mThe user clicks Implementation link&amp#27;[0m            &amp#27;[90m# sd.DSAlgoStack_SD.the_user_clicks_Implementation_link()&amp#27;[0m
  &amp#27;[32mWhen &amp#27;[0m&amp#27;[32mThe user clicks on Try here button&amp#27;[0m            &amp#27;[90m# sd.DSAlgoStack_SD.the_user_clicks_on_try_here_button()&amp#27;[0m
  &amp#27;[32mThen &amp#27;[0m&amp#27;[32mThe user redirect to tryEditor page&amp#27;[0m           &amp#27;[90m# sd.DSAlgoStack_SD.the_user_redirect_to_try_editor_page()&amp#27;[0m
]]></system-out>
    <system-err><![CDATA[[pool-2-thread-5] INFO io.github.bonigarcia.wdm.WebDriverManager - Using chromedriver 130.0.6723.69 (resolved driver for Chrome 130)
[pool-2-thread-5] INFO io.github.bonigarcia.wdm.WebDriverManager - Exporting webdriver.chrome.driver as C:\Users\pavit\.cache\selenium\chromedriver\win64\130.0.6723.69\chromedriver.exe
Oct 29, 2024 6:05:35 PM org.openqa.selenium.devtools.CdpVersionFinder findNearestMatch
WARNING: Unable to find an exact match for CDP version 130, returning the closest version; found: 129; Please update to a Selenium version that supports CDP version 130
]]></system-err>
  </testcase>
  <testcase name="Implementation Try Editor validation #1" classname="Stack page validation" time="8.58">
    <system-out><![CDATA[
@test
Scenario: Implementation Try Editor validation                                               &amp#27;[90m# src/test/resources/feat/DSAlgoStack.feature:61&amp#27;[0m
browser value is: chrome
  &amp#27;[32mGiven &amp#27;[0m&amp#27;[32mThe user clicks Stack option in the dropdown&amp#27;[0m                                         &amp#27;[90m# sd.DSAlgoStack_SD.the_user_clicks_stack_option_in_the_dropdown()&amp#27;[0m
  &amp#27;[32mAnd &amp#27;[0m&amp#27;[32mThe user clicks Implementation link&amp#27;[0m                                                    &amp#27;[90m# sd.DSAlgoStack_SD.the_user_clicks_Implementation_link()&amp#27;[0m
  &amp#27;[32mAnd &amp#27;[0m&amp#27;[32mThe user clicks on Try here button&amp#27;[0m                                                     &amp#27;[90m# sd.DSAlgoStack_SD.the_user_clicks_on_try_here_button()&amp#27;[0m
  &amp#27;[32mWhen &amp#27;[0m&amp#27;[32mThe user enter valid python code to print in excel sheetname &amp#27;[0m&amp#27;[32m&amp#27;[1m"Python"&amp#27;[0m&amp#27;[32m and rownumber &amp#27;[0m&amp#27;[32m&amp#27;[1m0&amp#27;[0m &amp#27;[90m# sd.DSAlgoStack_SD.the_user_enter_valid_python_code_to_print_in_excel_sheetname_and_rownumber(java.lang.String,java.lang.Integer)&amp#27;[0m
  &amp#27;[32mAnd &amp#27;[0m&amp#27;[32mThe user clicks run button scenario&amp#27;[0m                                                    &amp#27;[90m# sd.DSAlgoStack_SD.the_user_clicks_run_button_scenario()&amp#27;[0m
  &amp#27;[32mThen &amp#27;[0m&amp#27;[32mUser is able to see the output sheetname &amp#27;[0m&amp#27;[32m&amp#27;[1m"Python"&amp#27;[0m&amp#27;[32m and rownumber &amp#27;[0m&amp#27;[32m&amp#27;[1m0&amp#27;[0m                     &amp#27;[90m# sd.DSAlgoStack_SD.user_is_able_to_see_the_output_sheetname_and_rownumber(java.lang.String,java.lang.Integer)&amp#27;[0m
]]></system-out>
    <system-err><![CDATA[[pool-2-thread-5] INFO io.github.bonigarcia.wdm.WebDriverManager - Using chromedriver 130.0.6723.69 (resolved driver for Chrome 130)
[pool-2-thread-5] INFO io.github.bonigarcia.wdm.WebDriverManager - Exporting webdriver.chrome.driver as C:\Users\pavit\.cache\selenium\chromedriver\win64\130.0.6723.69\chromedriver.exe
Oct 29, 2024 6:05:42 PM org.openqa.selenium.devtools.CdpVersionFinder findNearestMatch
WARNING: Unable to find an exact match for CDP version 130, returning the closest version; found: 129; Please update to a Selenium version that supports CDP version 130
]]></system-err>
  </testcase>
  <testcase name="Implementation Try Editor validation #2" classname="Stack page validation" time="9.902">
    <system-out><![CDATA[
@test
Scenario: Implementation Try Editor validation                                               &amp#27;[90m# src/test/resources/feat/DSAlgoStack.feature:62&amp#27;[0m
browser value is: chrome
  &amp#27;[32mGiven &amp#27;[0m&amp#27;[32mThe user clicks Stack option in the dropdown&amp#27;[0m                                         &amp#27;[90m# sd.DSAlgoStack_SD.the_user_clicks_stack_option_in_the_dropdown()&amp#27;[0m
  &amp#27;[32mAnd &amp#27;[0m&amp#27;[32mThe user clicks Implementation link&amp#27;[0m                                                    &amp#27;[90m# sd.DSAlgoStack_SD.the_user_clicks_Implementation_link()&amp#27;[0m
  &amp#27;[32mAnd &amp#27;[0m&amp#27;[32mThe user clicks on Try here button&amp#27;[0m                                                     &amp#27;[90m# sd.DSAlgoStack_SD.the_user_clicks_on_try_here_button()&amp#27;[0m
  &amp#27;[32mWhen &amp#27;[0m&amp#27;[32mThe user enter valid python code to print in excel sheetname &amp#27;[0m&amp#27;[32m&amp#27;[1m"Python"&amp#27;[0m&amp#27;[32m and rownumber &amp#27;[0m&amp#27;[32m&amp#27;[1m1&amp#27;[0m &amp#27;[90m# sd.DSAlgoStack_SD.the_user_enter_valid_python_code_to_print_in_excel_sheetname_and_rownumber(java.lang.String,java.lang.Integer)&amp#27;[0m
  &amp#27;[32mAnd &amp#27;[0m&amp#27;[32mThe user clicks run button scenario&amp#27;[0m                                                    &amp#27;[90m# sd.DSAlgoStack_SD.the_user_clicks_run_button_scenario()&amp#27;[0m
  &amp#27;[32mThen &amp#27;[0m&amp#27;[32mUser is able to see the output sheetname &amp#27;[0m&amp#27;[32m&amp#27;[1m"Python"&amp#27;[0m&amp#27;[32m and rownumber &amp#27;[0m&amp#27;[32m&amp#27;[1m1&amp#27;[0m                     &amp#27;[90m# sd.DSAlgoStack_SD.user_is_able_to_see_the_output_sheetname_and_rownumber(java.lang.String,java.lang.Integer)&amp#27;[0m
]]></system-out>
    <system-err><![CDATA[[pool-2-thread-5] INFO io.github.bonigarcia.wdm.WebDriverManager - Using chromedriver 130.0.6723.69 (resolved driver for Chrome 130)
[pool-2-thread-5] INFO io.github.bonigarcia.wdm.WebDriverManager - Exporting webdriver.chrome.driver as C:\Users\pavit\.cache\selenium\chromedriver\win64\130.0.6723.69\chromedriver.exe
Oct 29, 2024 6:05:50 PM org.openqa.selenium.devtools.CdpVersionFinder findNearestMatch
WARNING: Unable to find an exact match for CDP version 130, returning the closest version; found: 129; Please update to a Selenium version that supports CDP version 130
]]></system-err>
  </testcase>
  <testcase name="Implementation Try Editor validation #3" classname="Stack page validation" time="9.196">
    <system-out><![CDATA[
@test
Scenario: Implementation Try Editor validation                                               &amp#27;[90m# src/test/resources/feat/DSAlgoStack.feature:63&amp#27;[0m
browser value is: chrome
  &amp#27;[32mGiven &amp#27;[0m&amp#27;[32mThe user clicks Stack option in the dropdown&amp#27;[0m                                         &amp#27;[90m# sd.DSAlgoStack_SD.the_user_clicks_stack_option_in_the_dropdown()&amp#27;[0m
  &amp#27;[32mAnd &amp#27;[0m&amp#27;[32mThe user clicks Implementation link&amp#27;[0m                                                    &amp#27;[90m# sd.DSAlgoStack_SD.the_user_clicks_Implementation_link()&amp#27;[0m
  &amp#27;[32mAnd &amp#27;[0m&amp#27;[32mThe user clicks on Try here button&amp#27;[0m                                                     &amp#27;[90m# sd.DSAlgoStack_SD.the_user_clicks_on_try_here_button()&amp#27;[0m
  &amp#27;[32mWhen &amp#27;[0m&amp#27;[32mThe user enter valid python code to print in excel sheetname &amp#27;[0m&amp#27;[32m&amp#27;[1m"Python"&amp#27;[0m&amp#27;[32m and rownumber &amp#27;[0m&amp#27;[32m&amp#27;[1m2&amp#27;[0m &amp#27;[90m# sd.DSAlgoStack_SD.the_user_enter_valid_python_code_to_print_in_excel_sheetname_and_rownumber(java.lang.String,java.lang.Integer)&amp#27;[0m
  &amp#27;[32mAnd &amp#27;[0m&amp#27;[32mThe user clicks run button scenario&amp#27;[0m                                                    &amp#27;[90m# sd.DSAlgoStack_SD.the_user_clicks_run_button_scenario()&amp#27;[0m
  &amp#27;[32mThen &amp#27;[0m&amp#27;[32mUser is able to see the output sheetname &amp#27;[0m&amp#27;[32m&amp#27;[1m"Python"&amp#27;[0m&amp#27;[32m and rownumber &amp#27;[0m&amp#27;[32m&amp#27;[1m2&amp#27;[0m                     &amp#27;[90m# sd.DSAlgoStack_SD.user_is_able_to_see_the_output_sheetname_and_rownumber(java.lang.String,java.lang.Integer)&amp#27;[0m
]]></system-out>
    <system-err><![CDATA[[pool-2-thread-5] INFO io.github.bonigarcia.wdm.WebDriverManager - Using chromedriver 130.0.6723.69 (resolved driver for Chrome 130)
[pool-2-thread-5] INFO io.github.bonigarcia.wdm.WebDriverManager - Exporting webdriver.chrome.driver as C:\Users\pavit\.cache\selenium\chromedriver\win64\130.0.6723.69\chromedriver.exe
Oct 29, 2024 6:06:01 PM org.openqa.selenium.devtools.CdpVersionFinder findNearestMatch
WARNING: Unable to find an exact match for CDP version 130, returning the closest version; found: 129; Please update to a Selenium version that supports CDP version 130
]]></system-err>
  </testcase>
  <testcase name="Applications link validation" classname="Stack page validation" time="6.037">
    <system-out><![CDATA[
@test
Scenario: Applications link validation                                 &amp#27;[90m# src/test/resources/feat/DSAlgoStack.feature:66&amp#27;[0m
browser value is: chrome
  &amp#27;[32mGiven &amp#27;[0m&amp#27;[32mThe user clicks Stack option in the dropdown&amp#27;[0m                   &amp#27;[90m# sd.DSAlgoStack_SD.the_user_clicks_stack_option_in_the_dropdown()&amp#27;[0m
  &amp#27;[32mWhen &amp#27;[0m&amp#27;[32mThe user clicks Applications link&amp#27;[0m                               &amp#27;[90m# sd.DSAlgoStack_SD.the_user_clicks_Applications_link()&amp#27;[0m
  &amp#27;[32mThen &amp#27;[0m&amp#27;[32mThe user should be directed to Applications page &amp#27;[0m&amp#27;[32m&amp#27;[1m"Applications"&amp#27;[0m &amp#27;[90m# sd.DSAlgoStack_SD.the_user_should_be_directed_to_Applications_page(java.lang.String)&amp#27;[0m
]]></system-out>
    <system-err><![CDATA[[pool-2-thread-5] INFO io.github.bonigarcia.wdm.WebDriverManager - Using chromedriver 130.0.6723.69 (resolved driver for Chrome 130)
[pool-2-thread-5] INFO io.github.bonigarcia.wdm.WebDriverManager - Exporting webdriver.chrome.driver as C:\Users\pavit\.cache\selenium\chromedriver\win64\130.0.6723.69\chromedriver.exe
Oct 29, 2024 6:06:10 PM org.openqa.selenium.devtools.CdpVersionFinder findNearestMatch
WARNING: Unable to find an exact match for CDP version 130, returning the closest version; found: 129; Please update to a Selenium version that supports CDP version 130
]]></system-err>
  </testcase>
  <testcase name="Applications Try here button validation" classname="Stack page validation" time="7.597">
    <system-out><![CDATA[
@test
Scenario: Applications Try here button validation    &amp#27;[90m# src/test/resources/feat/DSAlgoStack.feature:71&amp#27;[0m
browser value is: chrome
  &amp#27;[32mGiven &amp#27;[0m&amp#27;[32mThe user clicks Stack option in the dropdown&amp#27;[0m &amp#27;[90m# sd.DSAlgoStack_SD.the_user_clicks_stack_option_in_the_dropdown()&amp#27;[0m
  &amp#27;[32mAnd &amp#27;[0m&amp#27;[32mThe user clicks Applications link&amp#27;[0m              &amp#27;[90m# sd.DSAlgoStack_SD.the_user_clicks_Applications_link()&amp#27;[0m
  &amp#27;[32mWhen &amp#27;[0m&amp#27;[32mThe user clicks on Try here button&amp#27;[0m            &amp#27;[90m# sd.DSAlgoStack_SD.the_user_clicks_on_try_here_button()&amp#27;[0m
  &amp#27;[32mThen &amp#27;[0m&amp#27;[32mThe user redirect to tryEditor page&amp#27;[0m           &amp#27;[90m# sd.DSAlgoStack_SD.the_user_redirect_to_try_editor_page()&amp#27;[0m
]]></system-out>
    <system-err><![CDATA[[pool-2-thread-5] INFO io.github.bonigarcia.wdm.WebDriverManager - Using chromedriver 130.0.6723.69 (resolved driver for Chrome 130)
[pool-2-thread-5] INFO io.github.bonigarcia.wdm.WebDriverManager - Exporting webdriver.chrome.driver as C:\Users\pavit\.cache\selenium\chromedriver\win64\130.0.6723.69\chromedriver.exe
Oct 29, 2024 6:06:16 PM org.openqa.selenium.devtools.CdpVersionFinder findNearestMatch
WARNING: Unable to find an exact match for CDP version 130, returning the closest version; found: 129; Please update to a Selenium version that supports CDP version 130
]]></system-err>
  </testcase>
  <testcase name="Applications Try Editor validat #1" classname="Stack page validation" time="8.645">
    <system-out><![CDATA[
@test
Scenario: Applications Try Editor validat                                                    &amp#27;[90m# src/test/resources/feat/DSAlgoStack.feature:86&amp#27;[0m
browser value is: chrome
  &amp#27;[32mGiven &amp#27;[0m&amp#27;[32mThe user clicks Stack option in the dropdown&amp#27;[0m                                         &amp#27;[90m# sd.DSAlgoStack_SD.the_user_clicks_stack_option_in_the_dropdown()&amp#27;[0m
  &amp#27;[32mAnd &amp#27;[0m&amp#27;[32mThe user clicks Applications link&amp#27;[0m                                                      &amp#27;[90m# sd.DSAlgoStack_SD.the_user_clicks_Applications_link()&amp#27;[0m
  &amp#27;[32mAnd &amp#27;[0m&amp#27;[32mThe user clicks on Try here button&amp#27;[0m                                                     &amp#27;[90m# sd.DSAlgoStack_SD.the_user_clicks_on_try_here_button()&amp#27;[0m
  &amp#27;[32mWhen &amp#27;[0m&amp#27;[32mThe user enter valid python code to print in excel sheetname &amp#27;[0m&amp#27;[32m&amp#27;[1m"Python"&amp#27;[0m&amp#27;[32m and rownumber &amp#27;[0m&amp#27;[32m&amp#27;[1m0&amp#27;[0m &amp#27;[90m# sd.DSAlgoStack_SD.the_user_enter_valid_python_code_to_print_in_excel_sheetname_and_rownumber(java.lang.String,java.lang.Integer)&amp#27;[0m
  &amp#27;[32mAnd &amp#27;[0m&amp#27;[32mThe user clicks run button scenario&amp#27;[0m                                                    &amp#27;[90m# sd.DSAlgoStack_SD.the_user_clicks_run_button_scenario()&amp#27;[0m
  &amp#27;[32mThen &amp#27;[0m&amp#27;[32mUser is able to see the output sheetname &amp#27;[0m&amp#27;[32m&amp#27;[1m"Python"&amp#27;[0m&amp#27;[32m and rownumber &amp#27;[0m&amp#27;[32m&amp#27;[1m0&amp#27;[0m                     &amp#27;[90m# sd.DSAlgoStack_SD.user_is_able_to_see_the_output_sheetname_and_rownumber(java.lang.String,java.lang.Integer)&amp#27;[0m
]]></system-out>
    <system-err><![CDATA[[pool-2-thread-5] INFO io.github.bonigarcia.wdm.WebDriverManager - Using chromedriver 130.0.6723.69 (resolved driver for Chrome 130)
[pool-2-thread-5] INFO io.github.bonigarcia.wdm.WebDriverManager - Exporting webdriver.chrome.driver as C:\Users\pavit\.cache\selenium\chromedriver\win64\130.0.6723.69\chromedriver.exe
Oct 29, 2024 6:06:23 PM org.openqa.selenium.devtools.CdpVersionFinder findNearestMatch
WARNING: Unable to find an exact match for CDP version 130, returning the closest version; found: 129; Please update to a Selenium version that supports CDP version 130
]]></system-err>
  </testcase>
  <testcase name="Applications Try Editor validat #2" classname="Stack page validation" time="9.789">
    <system-out><![CDATA[
@test
Scenario: Applications Try Editor validat                                                    &amp#27;[90m# src/test/resources/feat/DSAlgoStack.feature:87&amp#27;[0m
browser value is: chrome
  &amp#27;[32mGiven &amp#27;[0m&amp#27;[32mThe user clicks Stack option in the dropdown&amp#27;[0m                                         &amp#27;[90m# sd.DSAlgoStack_SD.the_user_clicks_stack_option_in_the_dropdown()&amp#27;[0m
  &amp#27;[32mAnd &amp#27;[0m&amp#27;[32mThe user clicks Applications link&amp#27;[0m                                                      &amp#27;[90m# sd.DSAlgoStack_SD.the_user_clicks_Applications_link()&amp#27;[0m
  &amp#27;[32mAnd &amp#27;[0m&amp#27;[32mThe user clicks on Try here button&amp#27;[0m                                                     &amp#27;[90m# sd.DSAlgoStack_SD.the_user_clicks_on_try_here_button()&amp#27;[0m
  &amp#27;[32mWhen &amp#27;[0m&amp#27;[32mThe user enter valid python code to print in excel sheetname &amp#27;[0m&amp#27;[32m&amp#27;[1m"Python"&amp#27;[0m&amp#27;[32m and rownumber &amp#27;[0m&amp#27;[32m&amp#27;[1m1&amp#27;[0m &amp#27;[90m# sd.DSAlgoStack_SD.the_user_enter_valid_python_code_to_print_in_excel_sheetname_and_rownumber(java.lang.String,java.lang.Integer)&amp#27;[0m
  &amp#27;[32mAnd &amp#27;[0m&amp#27;[32mThe user clicks run button scenario&amp#27;[0m                                                    &amp#27;[90m# sd.DSAlgoStack_SD.the_user_clicks_run_button_scenario()&amp#27;[0m
  &amp#27;[32mThen &amp#27;[0m&amp#27;[32mUser is able to see the output sheetname &amp#27;[0m&amp#27;[32m&amp#27;[1m"Python"&amp#27;[0m&amp#27;[32m and rownumber &amp#27;[0m&amp#27;[32m&amp#27;[1m1&amp#27;[0m                     &amp#27;[90m# sd.DSAlgoStack_SD.user_is_able_to_see_the_output_sheetname_and_rownumber(java.lang.String,java.lang.Integer)&amp#27;[0m
]]></system-out>
    <system-err><![CDATA[[pool-2-thread-5] INFO io.github.bonigarcia.wdm.WebDriverManager - Using chromedriver 130.0.6723.69 (resolved driver for Chrome 130)
[pool-2-thread-5] INFO io.github.bonigarcia.wdm.WebDriverManager - Exporting webdriver.chrome.driver as C:\Users\pavit\.cache\selenium\chromedriver\win64\130.0.6723.69\chromedriver.exe
Oct 29, 2024 6:06:32 PM org.openqa.selenium.devtools.CdpVersionFinder findNearestMatch
WARNING: Unable to find an exact match for CDP version 130, returning the closest version; found: 129; Please update to a Selenium version that supports CDP version 130
]]></system-err>
  </testcase>
  <testcase name="Applications Try Editor validat #3" classname="Stack page validation" time="7.696">
    <system-out><![CDATA[
@test
Scenario: Applications Try Editor validat                                                    &amp#27;[90m# src/test/resources/feat/DSAlgoStack.feature:88&amp#27;[0m
browser value is: chrome
  &amp#27;[32mGiven &amp#27;[0m&amp#27;[32mThe user clicks Stack option in the dropdown&amp#27;[0m                                         &amp#27;[90m# sd.DSAlgoStack_SD.the_user_clicks_stack_option_in_the_dropdown()&amp#27;[0m
  &amp#27;[32mAnd &amp#27;[0m&amp#27;[32mThe user clicks Applications link&amp#27;[0m                                                      &amp#27;[90m# sd.DSAlgoStack_SD.the_user_clicks_Applications_link()&amp#27;[0m
  &amp#27;[32mAnd &amp#27;[0m&amp#27;[32mThe user clicks on Try here button&amp#27;[0m                                                     &amp#27;[90m# sd.DSAlgoStack_SD.the_user_clicks_on_try_here_button()&amp#27;[0m
  &amp#27;[32mWhen &amp#27;[0m&amp#27;[32mThe user enter valid python code to print in excel sheetname &amp#27;[0m&amp#27;[32m&amp#27;[1m"Python"&amp#27;[0m&amp#27;[32m and rownumber &amp#27;[0m&amp#27;[32m&amp#27;[1m2&amp#27;[0m &amp#27;[90m# sd.DSAlgoStack_SD.the_user_enter_valid_python_code_to_print_in_excel_sheetname_and_rownumber(java.lang.String,java.lang.Integer)&amp#27;[0m
  &amp#27;[32mAnd &amp#27;[0m&amp#27;[32mThe user clicks run button scenario&amp#27;[0m                                                    &amp#27;[90m# sd.DSAlgoStack_SD.the_user_clicks_run_button_scenario()&amp#27;[0m
  &amp#27;[32mThen &amp#27;[0m&amp#27;[32mUser is able to see the output sheetname &amp#27;[0m&amp#27;[32m&amp#27;[1m"Python"&amp#27;[0m&amp#27;[32m and rownumber &amp#27;[0m&amp#27;[32m&amp#27;[1m2&amp#27;[0m                     &amp#27;[90m# sd.DSAlgoStack_SD.user_is_able_to_see_the_output_sheetname_and_rownumber(java.lang.String,java.lang.Integer)&amp#27;[0m
]]></system-out>
    <system-err><![CDATA[[pool-2-thread-5] INFO io.github.bonigarcia.wdm.WebDriverManager - Using chromedriver 130.0.6723.69 (resolved driver for Chrome 130)
[pool-2-thread-5] INFO io.github.bonigarcia.wdm.WebDriverManager - Exporting webdriver.chrome.driver as C:\Users\pavit\.cache\selenium\chromedriver\win64\130.0.6723.69\chromedriver.exe
Oct 29, 2024 6:06:42 PM org.openqa.selenium.devtools.CdpVersionFinder findNearestMatch
WARNING: Unable to find an exact match for CDP version 130, returning the closest version; found: 129; Please update to a Selenium version that supports CDP version 130
]]></system-err>
  </testcase>
  <testcase name="Practice Questions link validation" classname="Stack page validation" time="5.872">
    <system-out><![CDATA[
@test
Scenario: Practice Questions link validation               &amp#27;[90m# src/test/resources/feat/DSAlgoStack.feature:91&amp#27;[0m
browser value is: chrome
  &amp#27;[32mGiven &amp#27;[0m&amp#27;[32mThe user clicks Stack option in the dropdown&amp#27;[0m       &amp#27;[90m# sd.DSAlgoStack_SD.the_user_clicks_stack_option_in_the_dropdown()&amp#27;[0m
  &amp#27;[32mAnd &amp#27;[0m&amp#27;[32mThe user clicks Applications link&amp#27;[0m                    &amp#27;[90m# sd.DSAlgoStack_SD.the_user_clicks_Applications_link()&amp#27;[0m
  &amp#27;[32mWhen &amp#27;[0m&amp#27;[32mThe user clicks Practice Questions link&amp#27;[0m             &amp#27;[90m# sd.DSAlgoStack_SD.the_user_clicks_practice_questions_link()&amp#27;[0m
  &amp#27;[32mThen &amp#27;[0m&amp#27;[32mThe user should redirect to Practice Questions page&amp#27;[0m &amp#27;[90m# sd.DSAlgoStack_SD.the_user_should_redirect_to_practice_questions_page()&amp#27;[0m
]]></system-out>
    <system-err><![CDATA[[pool-2-thread-5] INFO io.github.bonigarcia.wdm.WebDriverManager - Using chromedriver 130.0.6723.69 (resolved driver for Chrome 130)
[pool-2-thread-5] INFO io.github.bonigarcia.wdm.WebDriverManager - Exporting webdriver.chrome.driver as C:\Users\pavit\.cache\selenium\chromedriver\win64\130.0.6723.69\chromedriver.exe
Oct 29, 2024 6:06:50 PM org.openqa.selenium.devtools.CdpVersionFinder findNearestMatch
WARNING: Unable to find an exact match for CDP version 130, returning the closest version; found: 129; Please update to a Selenium version that supports CDP version 130
]]></system-err>
  </testcase>
</testsuite>