<?xml version="1.0" encoding="UTF-8"?>
<testsuite xmlns:xsi="http://www.w3.org/2001/XMLSchema-instance" xsi:noNamespaceSchemaLocation="https://maven.apache.org/surefire/maven-surefire-plugin/xsd/surefire-test-report-3.0.xsd" version="3.0" name="Stack page validation" time="166.981" tests="18" errors="1" skipped="0" failures="0">
  <properties>
[...]
</properties>
  <testcase name="Stack page validation using Get Started button" classname="Stack page validation" time="17.418">
    <system-out><![CDATA[Oct 30, 2024 9:24:16 AM tech.grasshopper.pdf.PDFCucumberReport collectReportConfiguration
INFO: PDF report configuration YAML file not found. Using default settings.


@test
Scenario: Stack page validation using Get Started button         &amp#27;[90m# src/test/resources/feat/DSAlgoStack.feature:4&amp#27;[0m
browser value is: chrome
  &amp#27;[32mGiven &amp#27;[0m&amp#27;[32mThe user is in home page with successful login&amp#27;[0m           &amp#27;[90m# sd.DSAlgoStack_SD.the_user_is_in_home_page_with_sucessful_login()&amp#27;[0m
  &amp#27;[32mWhen &amp#27;[0m&amp#27;[32mThe user clicks the Getting Started button in Stack Panel&amp#27;[0m &amp#27;[90m# sd.DSAlgoStack_SD.the_user_clicks_the_getting_started_button_in_stack_panel()&amp#27;[0m
  &amp#27;[32mThen &amp#27;[0m&amp#27;[32mThe user should be directed to &amp#27;[0m&amp#27;[32m&amp#27;[1m"Stack"&amp#27;[0m&amp#27;[32m Page&amp#27;[0m               &amp#27;[90m# sd.DSAlgoStack_SD.the_user_should_be_directed_to_page(java.lang.String)&amp#27;[0m
]]></system-out>
    <system-err><![CDATA[[pool-2-thread-5] INFO io.github.bonigarcia.wdm.WebDriverManager - Using chromedriver 130.0.6723.91 (resolved driver for Chrome 130)
[pool-2-thread-5] INFO io.github.bonigarcia.wdm.WebDriverManager - Exporting webdriver.chrome.driver as C:\Users\pavit\.cache\selenium\chromedriver\win64\130.0.6723.91\chromedriver.exe
Oct 30, 2024 9:21:24 AM org.openqa.selenium.devtools.CdpVersionFinder findNearestMatch
WARNING: Unable to find an exact match for CDP version 130, returning the closest version; found: 129; Please update to a Selenium version that supports CDP version 130
]]></system-err>
  </testcase>
  <testcase name="Stack page validation using stack dropdown option" classname="Stack page validation" time="10.634">
    <system-out><![CDATA[
@test
Scenario: Stack page validation using stack dropdown option &amp#27;[90m# src/test/resources/feat/DSAlgoStack.feature:9&amp#27;[0m
browser value is: chrome
  &amp#27;[32mGiven &amp#27;[0m&amp#27;[32mThe user is in home page with successful login&amp#27;[0m      &amp#27;[90m# sd.DSAlgoStack_SD.the_user_is_in_home_page_with_sucessful_login()&amp#27;[0m
  &amp#27;[32mWhen &amp#27;[0m&amp#27;[32mThe user clicks Stack option in the dropdown&amp#27;[0m         &amp#27;[90m# sd.DSAlgoStack_SD.the_user_clicks_stack_option_in_the_dropdown()&amp#27;[0m
  &amp#27;[32mThen &amp#27;[0m&amp#27;[32mThe user should be directed to &amp#27;[0m&amp#27;[32m&amp#27;[1m"Stack"&amp#27;[0m&amp#27;[32m Page&amp#27;[0m          &amp#27;[90m# sd.DSAlgoStack_SD.the_user_should_be_directed_to_page(java.lang.String)&amp#27;[0m
]]></system-out>
    <system-err><![CDATA[[pool-2-thread-5] INFO io.github.bonigarcia.wdm.WebDriverManager - Using chromedriver 130.0.6723.91 (resolved driver for Chrome 130)
[pool-2-thread-5] INFO io.github.bonigarcia.wdm.WebDriverManager - Exporting webdriver.chrome.driver as C:\Users\pavit\.cache\selenium\chromedriver\win64\130.0.6723.91\chromedriver.exe
Oct 30, 2024 9:21:37 AM org.openqa.selenium.devtools.CdpVersionFinder findNearestMatch
WARNING: Unable to find an exact match for CDP version 130, returning the closest version; found: 129; Please update to a Selenium version that supports CDP version 130
]]></system-err>
  </testcase>
  <testcase name="Operations in stack link validation" classname="Stack page validation" time="10.047">
    <system-out><![CDATA[
@test
Scenario: Operations in stack link validation                                        &amp#27;[90m# src/test/resources/feat/DSAlgoStack.feature:14&amp#27;[0m
browser value is: chrome
  &amp#27;[32mGiven &amp#27;[0m&amp#27;[32mThe user clicks Stack option in the dropdown&amp#27;[0m                                 &amp#27;[90m# sd.DSAlgoStack_SD.the_user_clicks_stack_option_in_the_dropdown()&amp#27;[0m
  &amp#27;[32mWhen &amp#27;[0m&amp#27;[32mThe user clicks Operations in stack link&amp#27;[0m                                      &amp#27;[90m# sd.DSAlgoStack_SD.the_user_clicks_operations_in_stack_link()&amp#27;[0m
  &amp#27;[32mThen &amp#27;[0m&amp#27;[32mThe user should be directed to operations in stack page &amp#27;[0m&amp#27;[32m&amp#27;[1m"Operations in Stack"&amp#27;[0m &amp#27;[90m# sd.DSAlgoStack_SD.the_user_should_be_directed_to_operations_in_stack_page(java.lang.String)&amp#27;[0m
]]></system-out>
    <system-err><![CDATA[[pool-2-thread-5] INFO io.github.bonigarcia.wdm.WebDriverManager - Using chromedriver 130.0.6723.91 (resolved driver for Chrome 130)
[pool-2-thread-5] INFO io.github.bonigarcia.wdm.WebDriverManager - Exporting webdriver.chrome.driver as C:\Users\pavit\.cache\selenium\chromedriver\win64\130.0.6723.91\chromedriver.exe
Oct 30, 2024 9:21:46 AM org.openqa.selenium.devtools.CdpVersionFinder findNearestMatch
WARNING: Unable to find an exact match for CDP version 130, returning the closest version; found: 129; Please update to a Selenium version that supports CDP version 130
]]></system-err>
  </testcase>
  <testcase name="Operations in stack Try here button validation" classname="Stack page validation" time="9.714">
    <system-out><![CDATA[
@test
Scenario: Operations in stack Try here button validation &amp#27;[90m# src/test/resources/feat/DSAlgoStack.feature:19&amp#27;[0m
browser value is: chrome
  &amp#27;[32mGiven &amp#27;[0m&amp#27;[32mThe user clicks Stack option in the dropdown&amp#27;[0m     &amp#27;[90m# sd.DSAlgoStack_SD.the_user_clicks_stack_option_in_the_dropdown()&amp#27;[0m
  &amp#27;[32mAnd &amp#27;[0m&amp#27;[32mThe user clicks Operations in stack link&amp#27;[0m           &amp#27;[90m# sd.DSAlgoStack_SD.the_user_clicks_operations_in_stack_link()&amp#27;[0m
  &amp#27;[32mWhen &amp#27;[0m&amp#27;[32mThe user clicks on Try here button&amp#27;[0m                &amp#27;[90m# sd.DSAlgoStack_SD.the_user_clicks_on_try_here_button()&amp#27;[0m
  &amp#27;[32mThen &amp#27;[0m&amp#27;[32mThe user redirect to tryEditor page&amp#27;[0m               &amp#27;[90m# sd.DSAlgoStack_SD.the_user_redirect_to_try_editor_page()&amp#27;[0m
]]></system-out>
    <system-err><![CDATA[[pool-2-thread-5] INFO io.github.bonigarcia.wdm.WebDriverManager - Using chromedriver 130.0.6723.91 (resolved driver for Chrome 130)
[pool-2-thread-5] INFO io.github.bonigarcia.wdm.WebDriverManager - Exporting webdriver.chrome.driver as C:\Users\pavit\.cache\selenium\chromedriver\win64\130.0.6723.91\chromedriver.exe
Oct 30, 2024 9:21:56 AM org.openqa.selenium.devtools.CdpVersionFinder findNearestMatch
WARNING: Unable to find an exact match for CDP version 130, returning the closest version; found: 129; Please update to a Selenium version that supports CDP version 130
]]></system-err>
  </testcase>
  <testcase name="Operations in stack Try Editor validation #1" classname="Stack page validation" time="11.504">
    <system-out><![CDATA[
@test
Scenario Outline: Operations in stack Try Editor validation                                  &amp#27;[90m# src/test/resources/feat/DSAlgoStack.feature:34&amp#27;[0m
browser value is: chrome
  &amp#27;[32mGiven &amp#27;[0m&amp#27;[32mThe user clicks Stack option in the dropdown&amp#27;[0m                                         &amp#27;[90m# sd.DSAlgoStack_SD.the_user_clicks_stack_option_in_the_dropdown()&amp#27;[0m
  &amp#27;[32mAnd &amp#27;[0m&amp#27;[32mThe user clicks Operations in stack link&amp#27;[0m                                               &amp#27;[90m# sd.DSAlgoStack_SD.the_user_clicks_operations_in_stack_link()&amp#27;[0m
  &amp#27;[32mAnd &amp#27;[0m&amp#27;[32mThe user clicks on Try here button&amp#27;[0m                                                     &amp#27;[90m# sd.DSAlgoStack_SD.the_user_clicks_on_try_here_button()&amp#27;[0m
  &amp#27;[32mWhen &amp#27;[0m&amp#27;[32mThe user enter valid python code to print in excel sheetname &amp#27;[0m&amp#27;[32m&amp#27;[1m"Python"&amp#27;[0m&amp#27;[32m and rownumber &amp#27;[0m&amp#27;[32m&amp#27;[1m0&amp#27;[0m &amp#27;[90m# sd.DSAlgoStack_SD.the_user_enter_valid_python_code_to_print_in_excel_sheetname_and_rownumber(java.lang.String,java.lang.Integer)&amp#27;[0m
  &amp#27;[32mAnd &amp#27;[0m&amp#27;[32mThe user clicks run button scenario&amp#27;[0m                                                    &amp#27;[90m# sd.DSAlgoStack_SD.the_user_clicks_run_button_scenario()&amp#27;[0m
  &amp#27;[32mThen &amp#27;[0m&amp#27;[32mUser is able to see the output sheetname &amp#27;[0m&amp#27;[32m&amp#27;[1m"Python"&amp#27;[0m&amp#27;[32m and rownumber &amp#27;[0m&amp#27;[32m&amp#27;[1m0&amp#27;[0m                     &amp#27;[90m# sd.DSAlgoStack_SD.user_is_able_to_see_the_output_sheetname_and_rownumber(java.lang.String,java.lang.Integer)&amp#27;[0m
]]></system-out>
    <system-err><![CDATA[[pool-2-thread-5] INFO io.github.bonigarcia.wdm.WebDriverManager - Using chromedriver 130.0.6723.91 (resolved driver for Chrome 130)
[pool-2-thread-5] INFO io.github.bonigarcia.wdm.WebDriverManager - Exporting webdriver.chrome.driver as C:\Users\pavit\.cache\selenium\chromedriver\win64\130.0.6723.91\chromedriver.exe
Oct 30, 2024 9:22:06 AM org.openqa.selenium.devtools.CdpVersionFinder findNearestMatch
WARNING: Unable to find an exact match for CDP version 130, returning the closest version; found: 129; Please update to a Selenium version that supports CDP version 130
]]></system-err>
  </testcase>
  <testcase name="Operations in stack Try Editor validation #2" classname="Stack page validation" time="10.884">
    <system-out><![CDATA[
@test
Scenario Outline: Operations in stack Try Editor validation                                  &amp#27;[90m# src/test/resources/feat/DSAlgoStack.feature:35&amp#27;[0m
browser value is: chrome
  &amp#27;[32mGiven &amp#27;[0m&amp#27;[32mThe user clicks Stack option in the dropdown&amp#27;[0m                                         &amp#27;[90m# sd.DSAlgoStack_SD.the_user_clicks_stack_option_in_the_dropdown()&amp#27;[0m
  &amp#27;[32mAnd &amp#27;[0m&amp#27;[32mThe user clicks Operations in stack link&amp#27;[0m                                               &amp#27;[90m# sd.DSAlgoStack_SD.the_user_clicks_operations_in_stack_link()&amp#27;[0m
  &amp#27;[32mAnd &amp#27;[0m&amp#27;[32mThe user clicks on Try here button&amp#27;[0m                                                     &amp#27;[90m# sd.DSAlgoStack_SD.the_user_clicks_on_try_here_button()&amp#27;[0m
  &amp#27;[32mWhen &amp#27;[0m&amp#27;[32mThe user enter valid python code to print in excel sheetname &amp#27;[0m&amp#27;[32m&amp#27;[1m"Python"&amp#27;[0m&amp#27;[32m and rownumber &amp#27;[0m&amp#27;[32m&amp#27;[1m1&amp#27;[0m &amp#27;[90m# sd.DSAlgoStack_SD.the_user_enter_valid_python_code_to_print_in_excel_sheetname_and_rownumber(java.lang.String,java.lang.Integer)&amp#27;[0m
  &amp#27;[32mAnd &amp#27;[0m&amp#27;[32mThe user clicks run button scenario&amp#27;[0m                                                    &amp#27;[90m# sd.DSAlgoStack_SD.the_user_clicks_run_button_scenario()&amp#27;[0m
  &amp#27;[32mThen &amp#27;[0m&amp#27;[32mUser is able to see the output sheetname &amp#27;[0m&amp#27;[32m&amp#27;[1m"Python"&amp#27;[0m&amp#27;[32m and rownumber &amp#27;[0m&amp#27;[32m&amp#27;[1m1&amp#27;[0m                     &amp#27;[90m# sd.DSAlgoStack_SD.user_is_able_to_see_the_output_sheetname_and_rownumber(java.lang.String,java.lang.Integer)&amp#27;[0m
]]></system-out>
    <system-err><![CDATA[[pool-2-thread-5] INFO io.github.bonigarcia.wdm.WebDriverManager - Using chromedriver 130.0.6723.91 (resolved driver for Chrome 130)
[pool-2-thread-5] INFO io.github.bonigarcia.wdm.WebDriverManager - Exporting webdriver.chrome.driver as C:\Users\pavit\.cache\selenium\chromedriver\win64\130.0.6723.91\chromedriver.exe
Oct 30, 2024 9:22:17 AM org.openqa.selenium.devtools.CdpVersionFinder findNearestMatch
WARNING: Unable to find an exact match for CDP version 130, returning the closest version; found: 129; Please update to a Selenium version that supports CDP version 130
]]></system-err>
  </testcase>
  <testcase name="Operations in stack Try Editor validation #3" classname="Stack page validation" time="9.228">
    <system-out><![CDATA[
@test
Scenario Outline: Operations in stack Try Editor validation                                  &amp#27;[90m# src/test/resources/feat/DSAlgoStack.feature:36&amp#27;[0m
browser value is: chrome
  &amp#27;[32mGiven &amp#27;[0m&amp#27;[32mThe user clicks Stack option in the dropdown&amp#27;[0m                                         &amp#27;[90m# sd.DSAlgoStack_SD.the_user_clicks_stack_option_in_the_dropdown()&amp#27;[0m
  &amp#27;[32mAnd &amp#27;[0m&amp#27;[32mThe user clicks Operations in stack link&amp#27;[0m                                               &amp#27;[90m# sd.DSAlgoStack_SD.the_user_clicks_operations_in_stack_link()&amp#27;[0m
  &amp#27;[32mAnd &amp#27;[0m&amp#27;[32mThe user clicks on Try here button&amp#27;[0m                                                     &amp#27;[90m# sd.DSAlgoStack_SD.the_user_clicks_on_try_here_button()&amp#27;[0m
  &amp#27;[32mWhen &amp#27;[0m&amp#27;[32mThe user enter valid python code to print in excel sheetname &amp#27;[0m&amp#27;[32m&amp#27;[1m"Python"&amp#27;[0m&amp#27;[32m and rownumber &amp#27;[0m&amp#27;[32m&amp#27;[1m2&amp#27;[0m &amp#27;[90m# sd.DSAlgoStack_SD.the_user_enter_valid_python_code_to_print_in_excel_sheetname_and_rownumber(java.lang.String,java.lang.Integer)&amp#27;[0m
  &amp#27;[32mAnd &amp#27;[0m&amp#27;[32mThe user clicks run button scenario&amp#27;[0m                                                    &amp#27;[90m# sd.DSAlgoStack_SD.the_user_clicks_run_button_scenario()&amp#27;[0m
  &amp#27;[32mThen &amp#27;[0m&amp#27;[32mUser is able to see the output sheetname &amp#27;[0m&amp#27;[32m&amp#27;[1m"Python"&amp#27;[0m&amp#27;[32m and rownumber &amp#27;[0m&amp#27;[32m&amp#27;[1m2&amp#27;[0m                     &amp#27;[90m# sd.DSAlgoStack_SD.user_is_able_to_see_the_output_sheetname_and_rownumber(java.lang.String,java.lang.Integer)&amp#27;[0m
]]></system-out>
    <system-err><![CDATA[[pool-2-thread-5] INFO io.github.bonigarcia.wdm.WebDriverManager - Using chromedriver 130.0.6723.91 (resolved driver for Chrome 130)
[pool-2-thread-5] INFO io.github.bonigarcia.wdm.WebDriverManager - Exporting webdriver.chrome.driver as C:\Users\pavit\.cache\selenium\chromedriver\win64\130.0.6723.91\chromedriver.exe
Oct 30, 2024 9:22:28 AM org.openqa.selenium.devtools.CdpVersionFinder findNearestMatch
WARNING: Unable to find an exact match for CDP version 130, returning the closest version; found: 129; Please update to a Selenium version that supports CDP version 130
]]></system-err>
  </testcase>
  <testcase name="Implementation link validation" classname="Stack page validation" time="7.53">
    <system-out><![CDATA[
@test
Scenario: Implementation link validation                                   &amp#27;[90m# src/test/resources/feat/DSAlgoStack.feature:40&amp#27;[0m
browser value is: chrome
  &amp#27;[32mGiven &amp#27;[0m&amp#27;[32mThe user clicks Stack option in the dropdown&amp#27;[0m                       &amp#27;[90m# sd.DSAlgoStack_SD.the_user_clicks_stack_option_in_the_dropdown()&amp#27;[0m
  &amp#27;[32mWhen &amp#27;[0m&amp#27;[32mThe user clicks Implementation link&amp#27;[0m                                 &amp#27;[90m# sd.DSAlgoStack_SD.the_user_clicks_Implementation_link()&amp#27;[0m
  &amp#27;[32mThen &amp#27;[0m&amp#27;[32mThe user should be directed to implementation page &amp#27;[0m&amp#27;[32m&amp#27;[1m"Implementation"&amp#27;[0m &amp#27;[90m# sd.DSAlgoStack_SD.the_user_should_be_directed_to_implementation_page(java.lang.String)&amp#27;[0m
]]></system-out>
    <system-err><![CDATA[[pool-2-thread-5] INFO io.github.bonigarcia.wdm.WebDriverManager - Using chromedriver 130.0.6723.91 (resolved driver for Chrome 130)
[pool-2-thread-5] INFO io.github.bonigarcia.wdm.WebDriverManager - Exporting webdriver.chrome.driver as C:\Users\pavit\.cache\selenium\chromedriver\win64\130.0.6723.91\chromedriver.exe
Oct 30, 2024 9:22:37 AM org.openqa.selenium.devtools.CdpVersionFinder findNearestMatch
WARNING: Unable to find an exact match for CDP version 130, returning the closest version; found: 129; Please update to a Selenium version that supports CDP version 130
]]></system-err>
  </testcase>
  <testcase name="Implementation Try here button validation" classname="Stack page validation" time="8.207">
    <system-out><![CDATA[
@test
Scenario: Implementation Try here button validation  &amp#27;[90m# src/test/resources/feat/DSAlgoStack.feature:45&amp#27;[0m
browser value is: chrome
  &amp#27;[32mGiven &amp#27;[0m&amp#27;[32mThe user clicks Stack option in the dropdown&amp#27;[0m &amp#27;[90m# sd.DSAlgoStack_SD.the_user_clicks_stack_option_in_the_dropdown()&amp#27;[0m
  &amp#27;[32mAnd &amp#27;[0m&amp#27;[32mThe user clicks Implementation link&amp#27;[0m            &amp#27;[90m# sd.DSAlgoStack_SD.the_user_clicks_Implementation_link()&amp#27;[0m
  &amp#27;[32mWhen &amp#27;[0m&amp#27;[32mThe user clicks on Try here button&amp#27;[0m            &amp#27;[90m# sd.DSAlgoStack_SD.the_user_clicks_on_try_here_button()&amp#27;[0m
  &amp#27;[32mThen &amp#27;[0m&amp#27;[32mThe user redirect to tryEditor page&amp#27;[0m           &amp#27;[90m# sd.DSAlgoStack_SD.the_user_redirect_to_try_editor_page()&amp#27;[0m
]]></system-out>
    <system-err><![CDATA[[pool-2-thread-5] INFO io.github.bonigarcia.wdm.WebDriverManager - Using chromedriver 130.0.6723.91 (resolved driver for Chrome 130)
[pool-2-thread-5] INFO io.github.bonigarcia.wdm.WebDriverManager - Exporting webdriver.chrome.driver as C:\Users\pavit\.cache\selenium\chromedriver\win64\130.0.6723.91\chromedriver.exe
Oct 30, 2024 9:22:45 AM org.openqa.selenium.devtools.CdpVersionFinder findNearestMatch
WARNING: Unable to find an exact match for CDP version 130, returning the closest version; found: 129; Please update to a Selenium version that supports CDP version 130
]]></system-err>
  </testcase>
  <testcase name="Implementation Try Editor validation #1" classname="Stack page validation" time="9.484">
    <system-out><![CDATA[
@test
Scenario: Implementation Try Editor validation                                               &amp#27;[90m# src/test/resources/feat/DSAlgoStack.feature:61&amp#27;[0m
browser value is: chrome
  &amp#27;[32mGiven &amp#27;[0m&amp#27;[32mThe user clicks Stack option in the dropdown&amp#27;[0m                                         &amp#27;[90m# sd.DSAlgoStack_SD.the_user_clicks_stack_option_in_the_dropdown()&amp#27;[0m
  &amp#27;[32mAnd &amp#27;[0m&amp#27;[32mThe user clicks Implementation link&amp#27;[0m                                                    &amp#27;[90m# sd.DSAlgoStack_SD.the_user_clicks_Implementation_link()&amp#27;[0m
  &amp#27;[32mAnd &amp#27;[0m&amp#27;[32mThe user clicks on Try here button&amp#27;[0m                                                     &amp#27;[90m# sd.DSAlgoStack_SD.the_user_clicks_on_try_here_button()&amp#27;[0m
  &amp#27;[32mWhen &amp#27;[0m&amp#27;[32mThe user enter valid python code to print in excel sheetname &amp#27;[0m&amp#27;[32m&amp#27;[1m"Python"&amp#27;[0m&amp#27;[32m and rownumber &amp#27;[0m&amp#27;[32m&amp#27;[1m0&amp#27;[0m &amp#27;[90m# sd.DSAlgoStack_SD.the_user_enter_valid_python_code_to_print_in_excel_sheetname_and_rownumber(java.lang.String,java.lang.Integer)&amp#27;[0m
  &amp#27;[32mAnd &amp#27;[0m&amp#27;[32mThe user clicks run button scenario&amp#27;[0m                                                    &amp#27;[90m# sd.DSAlgoStack_SD.the_user_clicks_run_button_scenario()&amp#27;[0m
  &amp#27;[32mThen &amp#27;[0m&amp#27;[32mUser is able to see the output sheetname &amp#27;[0m&amp#27;[32m&amp#27;[1m"Python"&amp#27;[0m&amp#27;[32m and rownumber &amp#27;[0m&amp#27;[32m&amp#27;[1m0&amp#27;[0m                     &amp#27;[90m# sd.DSAlgoStack_SD.user_is_able_to_see_the_output_sheetname_and_rownumber(java.lang.String,java.lang.Integer)&amp#27;[0m
]]></system-out>
    <system-err><![CDATA[[pool-2-thread-5] INFO io.github.bonigarcia.wdm.WebDriverManager - Using chromedriver 130.0.6723.91 (resolved driver for Chrome 130)
[pool-2-thread-5] INFO io.github.bonigarcia.wdm.WebDriverManager - Exporting webdriver.chrome.driver as C:\Users\pavit\.cache\selenium\chromedriver\win64\130.0.6723.91\chromedriver.exe
Oct 30, 2024 9:22:53 AM org.openqa.selenium.devtools.CdpVersionFinder findNearestMatch
WARNING: Unable to find an exact match for CDP version 130, returning the closest version; found: 129; Please update to a Selenium version that supports CDP version 130
]]></system-err>
  </testcase>
  <testcase name="Implementation Try Editor validation #2" classname="Stack page validation" time="9.445">
    <system-out><![CDATA[
@test
Scenario: Implementation Try Editor validation                                               &amp#27;[90m# src/test/resources/feat/DSAlgoStack.feature:62&amp#27;[0m
browser value is: chrome
  &amp#27;[32mGiven &amp#27;[0m&amp#27;[32mThe user clicks Stack option in the dropdown&amp#27;[0m                                         &amp#27;[90m# sd.DSAlgoStack_SD.the_user_clicks_stack_option_in_the_dropdown()&amp#27;[0m
  &amp#27;[32mAnd &amp#27;[0m&amp#27;[32mThe user clicks Implementation link&amp#27;[0m                                                    &amp#27;[90m# sd.DSAlgoStack_SD.the_user_clicks_Implementation_link()&amp#27;[0m
  &amp#27;[32mAnd &amp#27;[0m&amp#27;[32mThe user clicks on Try here button&amp#27;[0m                                                     &amp#27;[90m# sd.DSAlgoStack_SD.the_user_clicks_on_try_here_button()&amp#27;[0m
  &amp#27;[32mWhen &amp#27;[0m&amp#27;[32mThe user enter valid python code to print in excel sheetname &amp#27;[0m&amp#27;[32m&amp#27;[1m"Python"&amp#27;[0m&amp#27;[32m and rownumber &amp#27;[0m&amp#27;[32m&amp#27;[1m1&amp#27;[0m &amp#27;[90m# sd.DSAlgoStack_SD.the_user_enter_valid_python_code_to_print_in_excel_sheetname_and_rownumber(java.lang.String,java.lang.Integer)&amp#27;[0m
  &amp#27;[32mAnd &amp#27;[0m&amp#27;[32mThe user clicks run button scenario&amp#27;[0m                                                    &amp#27;[90m# sd.DSAlgoStack_SD.the_user_clicks_run_button_scenario()&amp#27;[0m
  &amp#27;[32mThen &amp#27;[0m&amp#27;[32mUser is able to see the output sheetname &amp#27;[0m&amp#27;[32m&amp#27;[1m"Python"&amp#27;[0m&amp#27;[32m and rownumber &amp#27;[0m&amp#27;[32m&amp#27;[1m1&amp#27;[0m                     &amp#27;[90m# sd.DSAlgoStack_SD.user_is_able_to_see_the_output_sheetname_and_rownumber(java.lang.String,java.lang.Integer)&amp#27;[0m
]]></system-out>
    <system-err><![CDATA[[pool-2-thread-5] INFO io.github.bonigarcia.wdm.WebDriverManager - Using chromedriver 130.0.6723.91 (resolved driver for Chrome 130)
[pool-2-thread-5] INFO io.github.bonigarcia.wdm.WebDriverManager - Exporting webdriver.chrome.driver as C:\Users\pavit\.cache\selenium\chromedriver\win64\130.0.6723.91\chromedriver.exe
Oct 30, 2024 9:23:02 AM org.openqa.selenium.devtools.CdpVersionFinder findNearestMatch
WARNING: Unable to find an exact match for CDP version 130, returning the closest version; found: 129; Please update to a Selenium version that supports CDP version 130
]]></system-err>
  </testcase>
  <testcase name="Implementation Try Editor validation #3" classname="Stack page validation" time="7.954">
    <system-out><![CDATA[
@test
Scenario: Implementation Try Editor validation                                               &amp#27;[90m# src/test/resources/feat/DSAlgoStack.feature:63&amp#27;[0m
browser value is: chrome
  &amp#27;[32mGiven &amp#27;[0m&amp#27;[32mThe user clicks Stack option in the dropdown&amp#27;[0m                                         &amp#27;[90m# sd.DSAlgoStack_SD.the_user_clicks_stack_option_in_the_dropdown()&amp#27;[0m
  &amp#27;[32mAnd &amp#27;[0m&amp#27;[32mThe user clicks Implementation link&amp#27;[0m                                                    &amp#27;[90m# sd.DSAlgoStack_SD.the_user_clicks_Implementation_link()&amp#27;[0m
  &amp#27;[32mAnd &amp#27;[0m&amp#27;[32mThe user clicks on Try here button&amp#27;[0m                                                     &amp#27;[90m# sd.DSAlgoStack_SD.the_user_clicks_on_try_here_button()&amp#27;[0m
  &amp#27;[32mWhen &amp#27;[0m&amp#27;[32mThe user enter valid python code to print in excel sheetname &amp#27;[0m&amp#27;[32m&amp#27;[1m"Python"&amp#27;[0m&amp#27;[32m and rownumber &amp#27;[0m&amp#27;[32m&amp#27;[1m2&amp#27;[0m &amp#27;[90m# sd.DSAlgoStack_SD.the_user_enter_valid_python_code_to_print_in_excel_sheetname_and_rownumber(java.lang.String,java.lang.Integer)&amp#27;[0m
  &amp#27;[32mAnd &amp#27;[0m&amp#27;[32mThe user clicks run button scenario&amp#27;[0m                                                    &amp#27;[90m# sd.DSAlgoStack_SD.the_user_clicks_run_button_scenario()&amp#27;[0m
  &amp#27;[32mThen &amp#27;[0m&amp#27;[32mUser is able to see the output sheetname &amp#27;[0m&amp#27;[32m&amp#27;[1m"Python"&amp#27;[0m&amp#27;[32m and rownumber &amp#27;[0m&amp#27;[32m&amp#27;[1m2&amp#27;[0m                     &amp#27;[90m# sd.DSAlgoStack_SD.user_is_able_to_see_the_output_sheetname_and_rownumber(java.lang.String,java.lang.Integer)&amp#27;[0m
]]></system-out>
    <system-err><![CDATA[[pool-2-thread-5] INFO io.github.bonigarcia.wdm.WebDriverManager - Using chromedriver 130.0.6723.91 (resolved driver for Chrome 130)
[pool-2-thread-5] INFO io.github.bonigarcia.wdm.WebDriverManager - Exporting webdriver.chrome.driver as C:\Users\pavit\.cache\selenium\chromedriver\win64\130.0.6723.91\chromedriver.exe
Oct 30, 2024 9:23:12 AM org.openqa.selenium.devtools.CdpVersionFinder findNearestMatch
WARNING: Unable to find an exact match for CDP version 130, returning the closest version; found: 129; Please update to a Selenium version that supports CDP version 130
]]></system-err>
  </testcase>
  <testcase name="Applications link validation" classname="Stack page validation" time="6.549">
    <system-out><![CDATA[
@test
Scenario: Applications link validation                                 &amp#27;[90m# src/test/resources/feat/DSAlgoStack.feature:66&amp#27;[0m
browser value is: chrome
  &amp#27;[32mGiven &amp#27;[0m&amp#27;[32mThe user clicks Stack option in the dropdown&amp#27;[0m                   &amp#27;[90m# sd.DSAlgoStack_SD.the_user_clicks_stack_option_in_the_dropdown()&amp#27;[0m
  &amp#27;[32mWhen &amp#27;[0m&amp#27;[32mThe user clicks Applications link&amp#27;[0m                               &amp#27;[90m# sd.DSAlgoStack_SD.the_user_clicks_Applications_link()&amp#27;[0m
  &amp#27;[32mThen &amp#27;[0m&amp#27;[32mThe user should be directed to Applications page &amp#27;[0m&amp#27;[32m&amp#27;[1m"Applications"&amp#27;[0m &amp#27;[90m# sd.DSAlgoStack_SD.the_user_should_be_directed_to_Applications_page(java.lang.String)&amp#27;[0m
]]></system-out>
    <system-err><![CDATA[[pool-2-thread-5] INFO io.github.bonigarcia.wdm.WebDriverManager - Using chromedriver 130.0.6723.91 (resolved driver for Chrome 130)
[pool-2-thread-5] INFO io.github.bonigarcia.wdm.WebDriverManager - Exporting webdriver.chrome.driver as C:\Users\pavit\.cache\selenium\chromedriver\win64\130.0.6723.91\chromedriver.exe
Oct 30, 2024 9:23:20 AM org.openqa.selenium.devtools.CdpVersionFinder findNearestMatch
WARNING: Unable to find an exact match for CDP version 130, returning the closest version; found: 129; Please update to a Selenium version that supports CDP version 130
]]></system-err>
  </testcase>
  <testcase name="Applications Try here button validation" classname="Stack page validation" time="7.929">
    <system-out><![CDATA[
@test
Scenario: Applications Try here button validation    &amp#27;[90m# src/test/resources/feat/DSAlgoStack.feature:71&amp#27;[0m
browser value is: chrome
  &amp#27;[32mGiven &amp#27;[0m&amp#27;[32mThe user clicks Stack option in the dropdown&amp#27;[0m &amp#27;[90m# sd.DSAlgoStack_SD.the_user_clicks_stack_option_in_the_dropdown()&amp#27;[0m
  &amp#27;[32mAnd &amp#27;[0m&amp#27;[32mThe user clicks Applications link&amp#27;[0m              &amp#27;[90m# sd.DSAlgoStack_SD.the_user_clicks_Applications_link()&amp#27;[0m
  &amp#27;[32mWhen &amp#27;[0m&amp#27;[32mThe user clicks on Try here button&amp#27;[0m            &amp#27;[90m# sd.DSAlgoStack_SD.the_user_clicks_on_try_here_button()&amp#27;[0m
  &amp#27;[32mThen &amp#27;[0m&amp#27;[32mThe user redirect to tryEditor page&amp#27;[0m           &amp#27;[90m# sd.DSAlgoStack_SD.the_user_redirect_to_try_editor_page()&amp#27;[0m
]]></system-out>
    <system-err><![CDATA[[pool-2-thread-5] INFO io.github.bonigarcia.wdm.WebDriverManager - Using chromedriver 130.0.6723.91 (resolved driver for Chrome 130)
[pool-2-thread-5] INFO io.github.bonigarcia.wdm.WebDriverManager - Exporting webdriver.chrome.driver as C:\Users\pavit\.cache\selenium\chromedriver\win64\130.0.6723.91\chromedriver.exe
Oct 30, 2024 9:23:26 AM org.openqa.selenium.devtools.CdpVersionFinder findNearestMatch
WARNING: Unable to find an exact match for CDP version 130, returning the closest version; found: 129; Please update to a Selenium version that supports CDP version 130
]]></system-err>
  </testcase>
  <testcase name="Applications Try Editor validat #1" classname="Stack page validation" time="9.241">
    <system-out><![CDATA[
@test
Scenario: Applications Try Editor validat                                                    &amp#27;[90m# src/test/resources/feat/DSAlgoStack.feature:86&amp#27;[0m
browser value is: chrome
  &amp#27;[32mGiven &amp#27;[0m&amp#27;[32mThe user clicks Stack option in the dropdown&amp#27;[0m                                         &amp#27;[90m# sd.DSAlgoStack_SD.the_user_clicks_stack_option_in_the_dropdown()&amp#27;[0m
  &amp#27;[32mAnd &amp#27;[0m&amp#27;[32mThe user clicks Applications link&amp#27;[0m                                                      &amp#27;[90m# sd.DSAlgoStack_SD.the_user_clicks_Applications_link()&amp#27;[0m
  &amp#27;[32mAnd &amp#27;[0m&amp#27;[32mThe user clicks on Try here button&amp#27;[0m                                                     &amp#27;[90m# sd.DSAlgoStack_SD.the_user_clicks_on_try_here_button()&amp#27;[0m
  &amp#27;[32mWhen &amp#27;[0m&amp#27;[32mThe user enter valid python code to print in excel sheetname &amp#27;[0m&amp#27;[32m&amp#27;[1m"Python"&amp#27;[0m&amp#27;[32m and rownumber &amp#27;[0m&amp#27;[32m&amp#27;[1m0&amp#27;[0m &amp#27;[90m# sd.DSAlgoStack_SD.the_user_enter_valid_python_code_to_print_in_excel_sheetname_and_rownumber(java.lang.String,java.lang.Integer)&amp#27;[0m
  &amp#27;[32mAnd &amp#27;[0m&amp#27;[32mThe user clicks run button scenario&amp#27;[0m                                                    &amp#27;[90m# sd.DSAlgoStack_SD.the_user_clicks_run_button_scenario()&amp#27;[0m
  &amp#27;[32mThen &amp#27;[0m&amp#27;[32mUser is able to see the output sheetname &amp#27;[0m&amp#27;[32m&amp#27;[1m"Python"&amp#27;[0m&amp#27;[32m and rownumber &amp#27;[0m&amp#27;[32m&amp#27;[1m0&amp#27;[0m                     &amp#27;[90m# sd.DSAlgoStack_SD.user_is_able_to_see_the_output_sheetname_and_rownumber(java.lang.String,java.lang.Integer)&amp#27;[0m
]]></system-out>
    <system-err><![CDATA[[pool-2-thread-5] INFO io.github.bonigarcia.wdm.WebDriverManager - Using chromedriver 130.0.6723.91 (resolved driver for Chrome 130)
[pool-2-thread-5] INFO io.github.bonigarcia.wdm.WebDriverManager - Exporting webdriver.chrome.driver as C:\Users\pavit\.cache\selenium\chromedriver\win64\130.0.6723.91\chromedriver.exe
Oct 30, 2024 9:23:34 AM org.openqa.selenium.devtools.CdpVersionFinder findNearestMatch
WARNING: Unable to find an exact match for CDP version 130, returning the closest version; found: 129; Please update to a Selenium version that supports CDP version 130
]]></system-err>
  </testcase>
  <testcase name="Applications Try Editor validat #2" classname="Stack page validation" time="9.946">
    <system-out><![CDATA[
@test
Scenario: Applications Try Editor validat                                                    &amp#27;[90m# src/test/resources/feat/DSAlgoStack.feature:87&amp#27;[0m
browser value is: chrome
  &amp#27;[32mGiven &amp#27;[0m&amp#27;[32mThe user clicks Stack option in the dropdown&amp#27;[0m                                         &amp#27;[90m# sd.DSAlgoStack_SD.the_user_clicks_stack_option_in_the_dropdown()&amp#27;[0m
  &amp#27;[32mAnd &amp#27;[0m&amp#27;[32mThe user clicks Applications link&amp#27;[0m                                                      &amp#27;[90m# sd.DSAlgoStack_SD.the_user_clicks_Applications_link()&amp#27;[0m
  &amp#27;[32mAnd &amp#27;[0m&amp#27;[32mThe user clicks on Try here button&amp#27;[0m                                                     &amp#27;[90m# sd.DSAlgoStack_SD.the_user_clicks_on_try_here_button()&amp#27;[0m
  &amp#27;[32mWhen &amp#27;[0m&amp#27;[32mThe user enter valid python code to print in excel sheetname &amp#27;[0m&amp#27;[32m&amp#27;[1m"Python"&amp#27;[0m&amp#27;[32m and rownumber &amp#27;[0m&amp#27;[32m&amp#27;[1m1&amp#27;[0m &amp#27;[90m# sd.DSAlgoStack_SD.the_user_enter_valid_python_code_to_print_in_excel_sheetname_and_rownumber(java.lang.String,java.lang.Integer)&amp#27;[0m
  &amp#27;[32mAnd &amp#27;[0m&amp#27;[32mThe user clicks run button scenario&amp#27;[0m                                                    &amp#27;[90m# sd.DSAlgoStack_SD.the_user_clicks_run_button_scenario()&amp#27;[0m
  &amp#27;[32mThen &amp#27;[0m&amp#27;[32mUser is able to see the output sheetname &amp#27;[0m&amp#27;[32m&amp#27;[1m"Python"&amp#27;[0m&amp#27;[32m and rownumber &amp#27;[0m&amp#27;[32m&amp#27;[1m1&amp#27;[0m                     &amp#27;[90m# sd.DSAlgoStack_SD.user_is_able_to_see_the_output_sheetname_and_rownumber(java.lang.String,java.lang.Integer)&amp#27;[0m
]]></system-out>
    <system-err><![CDATA[[pool-2-thread-5] INFO io.github.bonigarcia.wdm.WebDriverManager - Using chromedriver 130.0.6723.91 (resolved driver for Chrome 130)
[pool-2-thread-5] INFO io.github.bonigarcia.wdm.WebDriverManager - Exporting webdriver.chrome.driver as C:\Users\pavit\.cache\selenium\chromedriver\win64\130.0.6723.91\chromedriver.exe
Oct 30, 2024 9:23:43 AM org.openqa.selenium.devtools.CdpVersionFinder findNearestMatch
WARNING: Unable to find an exact match for CDP version 130, returning the closest version; found: 129; Please update to a Selenium version that supports CDP version 130
]]></system-err>
  </testcase>
  <testcase name="Applications Try Editor validat #3" classname="Stack page validation" time="7.796">
    <system-out><![CDATA[
@test
Scenario: Applications Try Editor validat                                                    &amp#27;[90m# src/test/resources/feat/DSAlgoStack.feature:88&amp#27;[0m
browser value is: chrome
  &amp#27;[32mGiven &amp#27;[0m&amp#27;[32mThe user clicks Stack option in the dropdown&amp#27;[0m                                         &amp#27;[90m# sd.DSAlgoStack_SD.the_user_clicks_stack_option_in_the_dropdown()&amp#27;[0m
  &amp#27;[32mAnd &amp#27;[0m&amp#27;[32mThe user clicks Applications link&amp#27;[0m                                                      &amp#27;[90m# sd.DSAlgoStack_SD.the_user_clicks_Applications_link()&amp#27;[0m
  &amp#27;[32mAnd &amp#27;[0m&amp#27;[32mThe user clicks on Try here button&amp#27;[0m                                                     &amp#27;[90m# sd.DSAlgoStack_SD.the_user_clicks_on_try_here_button()&amp#27;[0m
  &amp#27;[32mWhen &amp#27;[0m&amp#27;[32mThe user enter valid python code to print in excel sheetname &amp#27;[0m&amp#27;[32m&amp#27;[1m"Python"&amp#27;[0m&amp#27;[32m and rownumber &amp#27;[0m&amp#27;[32m&amp#27;[1m2&amp#27;[0m &amp#27;[90m# sd.DSAlgoStack_SD.the_user_enter_valid_python_code_to_print_in_excel_sheetname_and_rownumber(java.lang.String,java.lang.Integer)&amp#27;[0m
  &amp#27;[32mAnd &amp#27;[0m&amp#27;[32mThe user clicks run button scenario&amp#27;[0m                                                    &amp#27;[90m# sd.DSAlgoStack_SD.the_user_clicks_run_button_scenario()&amp#27;[0m
  &amp#27;[32mThen &amp#27;[0m&amp#27;[32mUser is able to see the output sheetname &amp#27;[0m&amp#27;[32m&amp#27;[1m"Python"&amp#27;[0m&amp#27;[32m and rownumber &amp#27;[0m&amp#27;[32m&amp#27;[1m2&amp#27;[0m                     &amp#27;[90m# sd.DSAlgoStack_SD.user_is_able_to_see_the_output_sheetname_and_rownumber(java.lang.String,java.lang.Integer)&amp#27;[0m
]]></system-out>
    <system-err><![CDATA[[pool-2-thread-5] INFO io.github.bonigarcia.wdm.WebDriverManager - Using chromedriver 130.0.6723.91 (resolved driver for Chrome 130)
[pool-2-thread-5] INFO io.github.bonigarcia.wdm.WebDriverManager - Exporting webdriver.chrome.driver as C:\Users\pavit\.cache\selenium\chromedriver\win64\130.0.6723.91\chromedriver.exe
Oct 30, 2024 9:23:53 AM org.openqa.selenium.devtools.CdpVersionFinder findNearestMatch
WARNING: Unable to find an exact match for CDP version 130, returning the closest version; found: 129; Please update to a Selenium version that supports CDP version 130
]]></system-err>
  </testcase>
  <testcase name="Practice Questions link validation" classname="Stack page validation" time="3.471">
    <error message="no such element: Unable to locate element: {&quot;method&quot;:&quot;xpath&quot;,&quot;selector&quot;:&quot;//*[text()=&apos;Sign in&apos;]&quot;}&#10;  (Session info: chrome=130.0.6723.70)&#10;For documentation on this error, please visit: https://www.selenium.dev/documentation/webdriver/troubleshooting/errors#no-such-element-exception&#10;Build info: version: &apos;4.25.0&apos;, revision: &apos;8a8aea2337&apos;&#10;System info: os.name: &apos;Windows 11&apos;, os.arch: &apos;amd64&apos;, os.version: &apos;10.0&apos;, java.version: &apos;17.0.12&apos;&#10;Driver info: org.openqa.selenium.chrome.ChromeDriver&#10;Command: [e7d2d5931559996139bf1ad3ce9c8370, findElement {using=xpath, value=//*[text()=&apos;Sign in&apos;]}]&#10;Capabilities {acceptInsecureCerts: false, browserName: chrome, browserVersion: 130.0.6723.70, chrome: {chromedriverVersion: 130.0.6723.91 (53ac07678369..., userDataDir: C:\Users\pavit\AppData\Loca...}, fedcm:accounts: true, goog:chromeOptions: {debuggerAddress: localhost:54335}, networkConnectionEnabled: false, pageLoadStrategy: normal, platformName: windows, proxy: Proxy(), se:cdp: ws://localhost:54335/devtoo..., se:cdpVersion: 130.0.6723.70, setWindowRect: true, strictFileInteractability: false, timeouts: {implicit: 0, pageLoad: 300000, script: 30000}, unhandledPromptBehavior: dismiss and notify, webauthn:extension:credBlob: true, webauthn:extension:largeBlob: true, webauthn:extension:minPinLength: true, webauthn:extension:prf: true, webauthn:virtualAuthenticators: true}&#10;Session ID: e7d2d5931559996139bf1ad3ce9c8370" type="org.openqa.selenium.NoSuchElementException"><![CDATA[org.openqa.selenium.NoSuchElementException: 
no such element: Unable to locate element: {"method":"xpath","selector":"//*[text()='Sign in']"}
  (Session info: chrome=130.0.6723.70)
For documentation on this error, please visit: https://www.selenium.dev/documentation/webdriver/troubleshooting/errors#no-such-element-exception
Build info: version: '4.25.0', revision: '8a8aea2337'
System info: os.name: 'Windows 11', os.arch: 'amd64', os.version: '10.0', java.version: '17.0.12'
Driver info: org.openqa.selenium.chrome.ChromeDriver
Command: [e7d2d5931559996139bf1ad3ce9c8370, findElement {using=xpath, value=//*[text()='Sign in']}]
Capabilities {acceptInsecureCerts: false, browserName: chrome, browserVersion: 130.0.6723.70, chrome: {chromedriverVersion: 130.0.6723.91 (53ac07678369..., userDataDir: C:\Users\pavit\AppData\Loca...}, fedcm:accounts: true, goog:chromeOptions: {debuggerAddress: localhost:54335}, networkConnectionEnabled: false, pageLoadStrategy: normal, platformName: windows, proxy: Proxy(), se:cdp: ws://localhost:54335/devtoo..., se:cdpVersion: 130.0.6723.70, setWindowRect: true, strictFileInteractability: false, timeouts: {implicit: 0, pageLoad: 300000, script: 30000}, unhandledPromptBehavior: dismiss and notify, webauthn:extension:credBlob: true, webauthn:extension:largeBlob: true, webauthn:extension:minPinLength: true, webauthn:extension:prf: true, webauthn:virtualAuthenticators: true}
Session ID: e7d2d5931559996139bf1ad3ce9c8370
]]></error>
    <system-out><![CDATA[
@test
Scenario: Practice Questions link validation               &amp#27;[90m# src/test/resources/feat/DSAlgoStack.feature:91&amp#27;[0m
browser value is: chrome
      &amp#27;[31morg.openqa.selenium.NoSuchElementException: no such element: Unable to locate element: {"method":"xpath","selector":"//*[text()='Sign in']"}
  (Session info: chrome=130.0.6723.70)
For documentation on this error, please visit: https://www.selenium.dev/documentation/webdriver/troubleshooting/errors#no-such-element-exception
Build info: version: '4.25.0', revision: '8a8aea2337'
System info: os.name: 'Windows 11', os.arch: 'amd64', os.version: '10.0', java.version: '17.0.12'
Driver info: org.openqa.selenium.chrome.ChromeDriver
Command: [e7d2d5931559996139bf1ad3ce9c8370, findElement {using=xpath, value=//*[text()='Sign in']}]
Capabilities {acceptInsecureCerts: false, browserName: chrome, browserVersion: 130.0.6723.70, chrome: {chromedriverVersion: 130.0.6723.91 (53ac07678369..., userDataDir: C:\Users\pavit\AppData\Loca...}, fedcm:accounts: true, goog:chromeOptions: {debuggerAddress: localhost:54335}, networkConnectionEnabled: false, pageLoadStrategy: normal, platformName: windows, proxy: Proxy(), se:cdp: ws://localhost:54335/devtoo..., se:cdpVersion: 130.0.6723.70, setWindowRect: true, strictFileInteractability: false, timeouts: {implicit: 0, pageLoad: 300000, script: 30000}, unhandledPromptBehavior: dismiss and notify, webauthn:extension:credBlob: true, webauthn:extension:largeBlob: true, webauthn:extension:minPinLength: true, webauthn:extension:prf: true, webauthn:virtualAuthenticators: true}
Session ID: e7d2d5931559996139bf1ad3ce9c8370
	at java.base/jdk.internal.reflect.NativeConstructorAccessorImpl.newInstance0(Native Method)
	at java.base/jdk.internal.reflect.NativeConstructorAccessorImpl.newInstance(NativeConstructorAccessorImpl.java:77)
	at java.base/jdk.internal.reflect.DelegatingConstructorAccessorImpl.newInstance(DelegatingConstructorAccessorImpl.java:45)
	at java.base/java.lang.reflect.Constructor.newInstanceWithCaller(Constructor.java:499)
	at java.base/java.lang.reflect.Constructor.newInstance(Constructor.java:480)
	at org.openqa.selenium.remote.ErrorCodec.decode(ErrorCodec.java:167)
	at org.openqa.selenium.remote.codec.w3c.W3CHttpResponseCodec.decode(W3CHttpResponseCodec.java:138)
	at org.openqa.selenium.remote.codec.w3c.W3CHttpResponseCodec.decode(W3CHttpResponseCodec.java:50)
	at org.openqa.selenium.remote.HttpCommandExecutor.execute(HttpCommandExecutor.java:190)
	at org.openqa.selenium.remote.service.DriverCommandExecutor.invokeExecute(DriverCommandExecutor.java:216)
	at org.openqa.selenium.remote.service.DriverCommandExecutor.execute(DriverCommandExecutor.java:174)
	at org.openqa.selenium.remote.RemoteWebDriver.execute(RemoteWebDriver.java:545)
	at org.openqa.selenium.remote.ElementLocation$ElementFinder$2.findElement(ElementLocation.java:165)
	at org.openqa.selenium.remote.ElementLocation.findElement(ElementLocation.java:59)
	at org.openqa.selenium.remote.RemoteWebDriver.findElement(RemoteWebDriver.java:368)
	at org.openqa.selenium.remote.RemoteWebDriver.findElement(RemoteWebDriver.java:362)
	at org.openqa.selenium.support.pagefactory.DefaultElementLocator.findElement(DefaultElementLocator.java:68)
	at org.openqa.selenium.support.pagefactory.internal.LocatingElementHandler.invoke(LocatingElementHandler.java:38)
	at jdk.proxy2/jdk.proxy2.$Proxy23.click(Unknown Source)
	at pom.DSAlgoHomePom.click_Signin(DSAlgoHomePom.java:83)
	at sd.DSAlgoStack_SD.setUP(DSAlgoStack_SD.java:43)
&amp#27;[0m
  &amp#27;[36mGiven &amp#27;[0m&amp#27;[36mThe user clicks Stack option in the dropdown&amp#27;[0m       &amp#27;[90m# sd.DSAlgoStack_SD.the_user_clicks_stack_option_in_the_dropdown()&amp#27;[0m
  &amp#27;[36mAnd &amp#27;[0m&amp#27;[36mThe user clicks Applications link&amp#27;[0m                    &amp#27;[90m# sd.DSAlgoStack_SD.the_user_clicks_Applications_link()&amp#27;[0m
  &amp#27;[36mWhen &amp#27;[0m&amp#27;[36mThe user clicks Practice Questions link&amp#27;[0m             &amp#27;[90m# sd.DSAlgoStack_SD.the_user_clicks_practice_questions_link()&amp#27;[0m
  &amp#27;[36mThen &amp#27;[0m&amp#27;[36mThe user should redirect to Practice Questions page&amp#27;[0m &amp#27;[90m# sd.DSAlgoStack_SD.the_user_should_redirect_to_practice_questions_page()&amp#27;[0m

    Embedding Practice_Questions_link_validation [image/png 322819 bytes]

]]></system-out>
    <system-err><![CDATA[[pool-2-thread-5] INFO io.github.bonigarcia.wdm.WebDriverManager - Using chromedriver 130.0.6723.91 (resolved driver for Chrome 130)
[pool-2-thread-5] INFO io.github.bonigarcia.wdm.WebDriverManager - Exporting webdriver.chrome.driver as C:\Users\pavit\.cache\selenium\chromedriver\win64\130.0.6723.91\chromedriver.exe
Oct 30, 2024 9:24:01 AM org.openqa.selenium.devtools.CdpVersionFinder findNearestMatch
WARNING: Unable to find an exact match for CDP version 130, returning the closest version; found: 129; Please update to a Selenium version that supports CDP version 130
]]></system-err>
  </testcase>
</testsuite>